[2024/10/25 15:36:49][系统]配置文件读取完毕。
[2024/10/25 15:37:46][系统]配置文件读取完毕。
[2024/10/25 15:37:49][系统]正在连接Mirai本地...
[2024/10/25 15:37:50][系统]开始启动bot...
[2024/10/25 15:37:50][系统]历史记录保存在 D:\Projects\MIraiKUgua-master\MMDK-o1\bin\Debug\net8.0-windows\RunningData_history 里
[2024/10/25 15:37:50][系统]Could not find a part of the path 'D:\Projects\MIraiKUgua-master\MMDK-o1\bin\Debug\net8.0-windows\RunningDataDataMode\_index.txt'.
   at Microsoft.Win32.SafeHandles.SafeFileHandle.CreateFile(String fullPath, FileMode mode, FileAccess access, FileShare share, FileOptions options)
   at Microsoft.Win32.SafeHandles.SafeFileHandle.Open(String fullPath, FileMode mode, FileAccess access, FileShare share, FileOptions options, Int64 preallocationSize, Nullable`1 unixCreateMode)
   at System.IO.Strategies.OSFileStreamStrategy..ctor(String path, FileMode mode, FileAccess access, FileShare share, FileOptions options, Int64 preallocationSize, Nullable`1 unixCreateMode)
   at System.IO.Strategies.FileStreamHelpers.ChooseStrategyCore(String path, FileMode mode, FileAccess access, FileShare share, FileOptions options, Int64 preallocationSize, Nullable`1 unixCreateMode)
   at System.IO.FileStream..ctor(String path, FileMode mode)
   at MMDK.Util.FileUtil.readLines(String file) in D:\Projects\MIraiKUgua-master\MMDK-o1\Util\FileUtil.cs:line 39
[2024/10/25 15:37:50][系统]Could not find a part of the path 'D:\Projects\MIraiKUgua-master\MMDK-o1\bin\Debug\net8.0-windows\RunningDataDataMode\replacewords.txt'.
   at Microsoft.Win32.SafeHandles.SafeFileHandle.CreateFile(String fullPath, FileMode mode, FileAccess access, FileShare share, FileOptions options)
   at Microsoft.Win32.SafeHandles.SafeFileHandle.Open(String fullPath, FileMode mode, FileAccess access, FileShare share, FileOptions options, Int64 preallocationSize, Nullable`1 unixCreateMode)
   at System.IO.Strategies.OSFileStreamStrategy..ctor(String path, FileMode mode, FileAccess access, FileShare share, FileOptions options, Int64 preallocationSize, Nullable`1 unixCreateMode)
   at System.IO.Strategies.FileStreamHelpers.ChooseStrategyCore(String path, FileMode mode, FileAccess access, FileShare share, FileOptions options, Int64 preallocationSize, Nullable`1 unixCreateMode)
   at System.IO.FileStream..ctor(String path, FileMode mode)
   at MMDK.Util.FileUtil.readLines(String file) in D:\Projects\MIraiKUgua-master\MMDK-o1\Util\FileUtil.cs:line 39
[2024/10/25 15:37:50][系统]Could not find a part of the path 'D:\Projects\MIraiKUgua-master\MMDK-o1\bin\Debug\net8.0-windows\RunningDataDataMode\_mode_group.txt'.
   at Microsoft.Win32.SafeHandles.SafeFileHandle.CreateFile(String fullPath, FileMode mode, FileAccess access, FileShare share, FileOptions options)
   at Microsoft.Win32.SafeHandles.SafeFileHandle.Open(String fullPath, FileMode mode, FileAccess access, FileShare share, FileOptions options, Int64 preallocationSize, Nullable`1 unixCreateMode)
   at System.IO.Strategies.OSFileStreamStrategy..ctor(String path, FileMode mode, FileAccess access, FileShare share, FileOptions options, Int64 preallocationSize, Nullable`1 unixCreateMode)
   at System.IO.Strategies.FileStreamHelpers.ChooseStrategyCore(String path, FileMode mode, FileAccess access, FileShare share, FileOptions options, Int64 preallocationSize, Nullable`1 unixCreateMode)
   at System.IO.FileStream..ctor(String path, FileMode mode)
   at MMDK.Util.FileUtil.readLines(String file) in D:\Projects\MIraiKUgua-master\MMDK-o1\Util\FileUtil.cs:line 39
[2024/10/25 15:37:50][系统]Could not find a part of the path 'D:\Projects\MIraiKUgua-master\MMDK-o1\bin\Debug\net8.0-windows\RunningDataDataMode\_mode_private.txt'.
   at Microsoft.Win32.SafeHandles.SafeFileHandle.CreateFile(String fullPath, FileMode mode, FileAccess access, FileShare share, FileOptions options)
   at Microsoft.Win32.SafeHandles.SafeFileHandle.Open(String fullPath, FileMode mode, FileAccess access, FileShare share, FileOptions options, Int64 preallocationSize, Nullable`1 unixCreateMode)
   at System.IO.Strategies.OSFileStreamStrategy..ctor(String path, FileMode mode, FileAccess access, FileShare share, FileOptions options, Int64 preallocationSize, Nullable`1 unixCreateMode)
   at System.IO.Strategies.FileStreamHelpers.ChooseStrategyCore(String path, FileMode mode, FileAccess access, FileShare share, FileOptions options, Int64 preallocationSize, Nullable`1 unixCreateMode)
   at System.IO.FileStream..ctor(String path, FileMode mode)
   at MMDK.Util.FileUtil.readLines(String file) in D:\Projects\MIraiKUgua-master\MMDK-o1\Util\FileUtil.cs:line 39
[2024/10/25 15:37:50][系统]Could not find a part of the path 'D:\Projects\MIraiKUgua-master\MMDK-o1\bin\Debug\net8.0-windows\RunningDataDataMode\混沌-情绪词.txt'.
   at Microsoft.Win32.SafeHandles.SafeFileHandle.CreateFile(String fullPath, FileMode mode, FileAccess access, FileShare share, FileOptions options)
   at Microsoft.Win32.SafeHandles.SafeFileHandle.Open(String fullPath, FileMode mode, FileAccess access, FileShare share, FileOptions options, Int64 preallocationSize, Nullable`1 unixCreateMode)
   at System.IO.Strategies.OSFileStreamStrategy..ctor(String path, FileMode mode, FileAccess access, FileShare share, FileOptions options, Int64 preallocationSize, Nullable`1 unixCreateMode)
   at System.IO.Strategies.FileStreamHelpers.ChooseStrategyCore(String path, FileMode mode, FileAccess access, FileShare share, FileOptions options, Int64 preallocationSize, Nullable`1 unixCreateMode)
   at System.IO.FileStream..ctor(String path, FileMode mode)
   at MMDK.Util.FileUtil.readLines(String file) in D:\Projects\MIraiKUgua-master\MMDK-o1\Util\FileUtil.cs:line 39
[2024/10/25 15:37:50][系统]Could not find a part of the path 'D:\Projects\MIraiKUgua-master\MMDK-o1\bin\Debug\net8.0-windows\RunningDataDataMode\混沌-名词.txt'.
   at Microsoft.Win32.SafeHandles.SafeFileHandle.CreateFile(String fullPath, FileMode mode, FileAccess access, FileShare share, FileOptions options)
   at Microsoft.Win32.SafeHandles.SafeFileHandle.Open(String fullPath, FileMode mode, FileAccess access, FileShare share, FileOptions options, Int64 preallocationSize, Nullable`1 unixCreateMode)
   at System.IO.Strategies.OSFileStreamStrategy..ctor(String path, FileMode mode, FileAccess access, FileShare share, FileOptions options, Int64 preallocationSize, Nullable`1 unixCreateMode)
   at System.IO.Strategies.FileStreamHelpers.ChooseStrategyCore(String path, FileMode mode, FileAccess access, FileShare share, FileOptions options, Int64 preallocationSize, Nullable`1 unixCreateMode)
   at System.IO.FileStream..ctor(String path, FileMode mode)
   at MMDK.Util.FileUtil.readLines(String file) in D:\Projects\MIraiKUgua-master\MMDK-o1\Util\FileUtil.cs:line 39
[2024/10/25 15:37:50][系统]Could not find a part of the path 'D:\Projects\MIraiKUgua-master\MMDK-o1\bin\Debug\net8.0-windows\RunningDataDataMode\混沌-小万邦部分.txt'.
   at Microsoft.Win32.SafeHandles.SafeFileHandle.CreateFile(String fullPath, FileMode mode, FileAccess access, FileShare share, FileOptions options)
   at Microsoft.Win32.SafeHandles.SafeFileHandle.Open(String fullPath, FileMode mode, FileAccess access, FileShare share, FileOptions options, Int64 preallocationSize, Nullable`1 unixCreateMode)
   at System.IO.Strategies.OSFileStreamStrategy..ctor(String path, FileMode mode, FileAccess access, FileShare share, FileOptions options, Int64 preallocationSize, Nullable`1 unixCreateMode)
   at System.IO.Strategies.FileStreamHelpers.ChooseStrategyCore(String path, FileMode mode, FileAccess access, FileShare share, FileOptions options, Int64 preallocationSize, Nullable`1 unixCreateMode)
   at System.IO.FileStream..ctor(String path, FileMode mode)
   at MMDK.Util.FileUtil.readLines(String file) in D:\Projects\MIraiKUgua-master\MMDK-o1\Util\FileUtil.cs:line 39
[2024/10/25 15:37:50][系统]Could not find a part of the path 'D:\Projects\MIraiKUgua-master\MMDK-o1\bin\Debug\net8.0-windows\RunningDataDataMode\云杰说道.txt'.
   at Microsoft.Win32.SafeHandles.SafeFileHandle.CreateFile(String fullPath, FileMode mode, FileAccess access, FileShare share, FileOptions options)
   at Microsoft.Win32.SafeHandles.SafeFileHandle.Open(String fullPath, FileMode mode, FileAccess access, FileShare share, FileOptions options, Int64 preallocationSize, Nullable`1 unixCreateMode)
   at System.IO.Strategies.OSFileStreamStrategy..ctor(String path, FileMode mode, FileAccess access, FileShare share, FileOptions options, Int64 preallocationSize, Nullable`1 unixCreateMode)
   at System.IO.Strategies.FileStreamHelpers.ChooseStrategyCore(String path, FileMode mode, FileAccess access, FileShare share, FileOptions options, Int64 preallocationSize, Nullable`1 unixCreateMode)
   at System.IO.FileStream..ctor(String path, FileMode mode)
   at MMDK.Util.FileUtil.readLines(String file) in D:\Projects\MIraiKUgua-master\MMDK-o1\Util\FileUtil.cs:line 39
[2024/10/25 15:37:50][系统]Could not find a part of the path 'D:\Projects\MIraiKUgua-master\MMDK-o1\bin\Debug\net8.0-windows\RunningDataDataMode\随机-随机汉字.txt'.
   at Microsoft.Win32.SafeHandles.SafeFileHandle.CreateFile(String fullPath, FileMode mode, FileAccess access, FileShare share, FileOptions options)
   at Microsoft.Win32.SafeHandles.SafeFileHandle.Open(String fullPath, FileMode mode, FileAccess access, FileShare share, FileOptions options, Int64 preallocationSize, Nullable`1 unixCreateMode)
   at System.IO.Strategies.OSFileStreamStrategy..ctor(String path, FileMode mode, FileAccess access, FileShare share, FileOptions options, Int64 preallocationSize, Nullable`1 unixCreateMode)
   at System.IO.Strategies.FileStreamHelpers.ChooseStrategyCore(String path, FileMode mode, FileAccess access, FileShare share, FileOptions options, Int64 preallocationSize, Nullable`1 unixCreateMode)
   at System.IO.StreamReader.ValidateArgsAndOpenPath(String path, Encoding encoding, Int32 bufferSize)
   at System.IO.File.ReadAllText(String path, Encoding encoding)
   at MMDK.Util.FileUtil.readText(String file) in D:\Projects\MIraiKUgua-master\MMDK-o1\Util\FileUtil.cs:line 24
[2024/10/25 15:37:50][系统]Could not find a part of the path 'D:\Projects\MIraiKUgua-master\MMDK-o1\bin\Debug\net8.0-windows\RunningDataDataMode\_defaultanswer.txt'.
   at Microsoft.Win32.SafeHandles.SafeFileHandle.CreateFile(String fullPath, FileMode mode, FileAccess access, FileShare share, FileOptions options)
   at Microsoft.Win32.SafeHandles.SafeFileHandle.Open(String fullPath, FileMode mode, FileAccess access, FileShare share, FileOptions options, Int64 preallocationSize, Nullable`1 unixCreateMode)
   at System.IO.Strategies.OSFileStreamStrategy..ctor(String path, FileMode mode, FileAccess access, FileShare share, FileOptions options, Int64 preallocationSize, Nullable`1 unixCreateMode)
   at System.IO.Strategies.FileStreamHelpers.ChooseStrategyCore(String path, FileMode mode, FileAccess access, FileShare share, FileOptions options, Int64 preallocationSize, Nullable`1 unixCreateMode)
   at System.IO.FileStream..ctor(String path, FileMode mode)
   at MMDK.Util.FileUtil.readLines(String file) in D:\Projects\MIraiKUgua-master\MMDK-o1\Util\FileUtil.cs:line 39
[2024/10/25 15:37:50][系统]Could not find a part of the path 'D:\Projects\MIraiKUgua-master\MMDK-o1\bin\Debug\net8.0-windows\RunningDataDataMode\sstv.jpg'.
   at Microsoft.Win32.SafeHandles.SafeFileHandle.CreateFile(String fullPath, FileMode mode, FileAccess access, FileShare share, FileOptions options)
   at Microsoft.Win32.SafeHandles.SafeFileHandle.Open(String fullPath, FileMode mode, FileAccess access, FileShare share, FileOptions options, Int64 preallocationSize, Nullable`1 unixCreateMode)
   at System.IO.Strategies.OSFileStreamStrategy..ctor(String path, FileMode mode, FileAccess access, FileShare share, FileOptions options, Int64 preallocationSize, Nullable`1 unixCreateMode)
   at System.IO.Strategies.FileStreamHelpers.ChooseStrategyCore(String path, FileMode mode, FileAccess access, FileShare share, FileOptions options, Int64 preallocationSize, Nullable`1 unixCreateMode)
   at System.IO.FileStream..ctor(String path, FileMode mode)
   at MMDK.Util.FileUtil.readLines(String file) in D:\Projects\MIraiKUgua-master\MMDK-o1\Util\FileUtil.cs:line 39
[2024/10/25 15:37:50][系统]Could not find a part of the path 'D:\Projects\MIraiKUgua-master\MMDK-o1\bin\Debug\net8.0-windows\RunningDataDataMode\picsave.txt'.
   at Microsoft.Win32.SafeHandles.SafeFileHandle.CreateFile(String fullPath, FileMode mode, FileAccess access, FileShare share, FileOptions options)
   at Microsoft.Win32.SafeHandles.SafeFileHandle.Open(String fullPath, FileMode mode, FileAccess access, FileShare share, FileOptions options, Int64 preallocationSize, Nullable`1 unixCreateMode)
   at System.IO.Strategies.OSFileStreamStrategy..ctor(String path, FileMode mode, FileAccess access, FileShare share, FileOptions options, Int64 preallocationSize, Nullable`1 unixCreateMode)
   at System.IO.Strategies.FileStreamHelpers.ChooseStrategyCore(String path, FileMode mode, FileAccess access, FileShare share, FileOptions options, Int64 preallocationSize, Nullable`1 unixCreateMode)
   at System.IO.FileStream..ctor(String path, FileMode mode)
   at MMDK.Util.FileUtil.readLines(String file) in D:\Projects\MIraiKUgua-master\MMDK-o1\Util\FileUtil.cs:line 39
[2024/10/25 15:37:50][系统]Could not find a part of the path 'D:\Projects\MIraiKUgua-master\MMDK-o1\bin\Debug\net8.0-windows\RunningDataDataMode\gongshou.txt'.
   at Microsoft.Win32.SafeHandles.SafeFileHandle.CreateFile(String fullPath, FileMode mode, FileAccess access, FileShare share, FileOptions options)
   at Microsoft.Win32.SafeHandles.SafeFileHandle.Open(String fullPath, FileMode mode, FileAccess access, FileShare share, FileOptions options, Int64 preallocationSize, Nullable`1 unixCreateMode)
   at System.IO.Strategies.OSFileStreamStrategy..ctor(String path, FileMode mode, FileAccess access, FileShare share, FileOptions options, Int64 preallocationSize, Nullable`1 unixCreateMode)
   at System.IO.Strategies.FileStreamHelpers.ChooseStrategyCore(String path, FileMode mode, FileAccess access, FileShare share, FileOptions options, Int64 preallocationSize, Nullable`1 unixCreateMode)
   at System.IO.FileStream..ctor(String path, FileMode mode)
   at MMDK.Util.FileUtil.readLines(String file) in D:\Projects\MIraiKUgua-master\MMDK-o1\Util\FileUtil.cs:line 39
[2024/10/25 15:37:50][系统]Could not find a part of the path 'D:\Projects\MIraiKUgua-master\MMDK-o1\bin\Debug\net8.0-windows\RunningDataDataMode\gengshuang.txt'.
   at Microsoft.Win32.SafeHandles.SafeFileHandle.CreateFile(String fullPath, FileMode mode, FileAccess access, FileShare share, FileOptions options)
   at Microsoft.Win32.SafeHandles.SafeFileHandle.Open(String fullPath, FileMode mode, FileAccess access, FileShare share, FileOptions options, Int64 preallocationSize, Nullable`1 unixCreateMode)
   at System.IO.Strategies.OSFileStreamStrategy..ctor(String path, FileMode mode, FileAccess access, FileShare share, FileOptions options, Int64 preallocationSize, Nullable`1 unixCreateMode)
   at System.IO.Strategies.FileStreamHelpers.ChooseStrategyCore(String path, FileMode mode, FileAccess access, FileShare share, FileOptions options, Int64 preallocationSize, Nullable`1 unixCreateMode)
   at System.IO.FileStream..ctor(String path, FileMode mode)
   at MMDK.Util.FileUtil.readLines(String file) in D:\Projects\MIraiKUgua-master\MMDK-o1\Util\FileUtil.cs:line 39
[2024/10/25 15:37:50][系统]Could not find a part of the path 'D:\Projects\MIraiKUgua-master\MMDK-o1\bin\Debug\net8.0-windows\RunningDataDataMode\jokes.txt'.
   at Microsoft.Win32.SafeHandles.SafeFileHandle.CreateFile(String fullPath, FileMode mode, FileAccess access, FileShare share, FileOptions options)
   at Microsoft.Win32.SafeHandles.SafeFileHandle.Open(String fullPath, FileMode mode, FileAccess access, FileShare share, FileOptions options, Int64 preallocationSize, Nullable`1 unixCreateMode)
   at System.IO.Strategies.OSFileStreamStrategy..ctor(String path, FileMode mode, FileAccess access, FileShare share, FileOptions options, Int64 preallocationSize, Nullable`1 unixCreateMode)
   at System.IO.Strategies.FileStreamHelpers.ChooseStrategyCore(String path, FileMode mode, FileAccess access, FileShare share, FileOptions options, Int64 preallocationSize, Nullable`1 unixCreateMode)
   at System.IO.FileStream..ctor(String path, FileMode mode)
   at MMDK.Util.FileUtil.readLines(String file) in D:\Projects\MIraiKUgua-master\MMDK-o1\Util\FileUtil.cs:line 39
[2024/10/25 15:37:50][系统]Could not find a part of the path 'D:\Projects\MIraiKUgua-master\MMDK-o1\bin\Debug\net8.0-windows\RunningDataDataMode\pen.txt'.
   at Microsoft.Win32.SafeHandles.SafeFileHandle.CreateFile(String fullPath, FileMode mode, FileAccess access, FileShare share, FileOptions options)
   at Microsoft.Win32.SafeHandles.SafeFileHandle.Open(String fullPath, FileMode mode, FileAccess access, FileShare share, FileOptions options, Int64 preallocationSize, Nullable`1 unixCreateMode)
   at System.IO.Strategies.OSFileStreamStrategy..ctor(String path, FileMode mode, FileAccess access, FileShare share, FileOptions options, Int64 preallocationSize, Nullable`1 unixCreateMode)
   at System.IO.Strategies.FileStreamHelpers.ChooseStrategyCore(String path, FileMode mode, FileAccess access, FileShare share, FileOptions options, Int64 preallocationSize, Nullable`1 unixCreateMode)
   at System.IO.FileStream..ctor(String path, FileMode mode)
   at MMDK.Util.FileUtil.readLines(String file) in D:\Projects\MIraiKUgua-master\MMDK-o1\Util\FileUtil.cs:line 39
[2024/10/25 15:37:50][系统]Could not find a part of the path 'D:\Projects\MIraiKUgua-master\MMDK-o1\bin\Debug\net8.0-windows\RunningDataDataMode\pairc.txt'.
   at Microsoft.Win32.SafeHandles.SafeFileHandle.CreateFile(String fullPath, FileMode mode, FileAccess access, FileShare share, FileOptions options)
   at Microsoft.Win32.SafeHandles.SafeFileHandle.Open(String fullPath, FileMode mode, FileAccess access, FileShare share, FileOptions options, Int64 preallocationSize, Nullable`1 unixCreateMode)
   at System.IO.Strategies.OSFileStreamStrategy..ctor(String path, FileMode mode, FileAccess access, FileShare share, FileOptions options, Int64 preallocationSize, Nullable`1 unixCreateMode)
   at System.IO.Strategies.FileStreamHelpers.ChooseStrategyCore(String path, FileMode mode, FileAccess access, FileShare share, FileOptions options, Int64 preallocationSize, Nullable`1 unixCreateMode)
   at System.IO.FileStream..ctor(String path, FileMode mode)
   at MMDK.Util.FileUtil.readLines(String file) in D:\Projects\MIraiKUgua-master\MMDK-o1\Util\FileUtil.cs:line 39
[2024/10/25 15:37:50][系统]Could not find a part of the path 'D:\Projects\MIraiKUgua-master\MMDK-o1\bin\Debug\net8.0-windows\RunningDataDataMode\pairc2.txt'.
   at Microsoft.Win32.SafeHandles.SafeFileHandle.CreateFile(String fullPath, FileMode mode, FileAccess access, FileShare share, FileOptions options)
   at Microsoft.Win32.SafeHandles.SafeFileHandle.Open(String fullPath, FileMode mode, FileAccess access, FileShare share, FileOptions options, Int64 preallocationSize, Nullable`1 unixCreateMode)
   at System.IO.Strategies.OSFileStreamStrategy..ctor(String path, FileMode mode, FileAccess access, FileShare share, FileOptions options, Int64 preallocationSize, Nullable`1 unixCreateMode)
   at System.IO.Strategies.FileStreamHelpers.ChooseStrategyCore(String path, FileMode mode, FileAccess access, FileShare share, FileOptions options, Int64 preallocationSize, Nullable`1 unixCreateMode)
   at System.IO.FileStream..ctor(String path, FileMode mode)
   at MMDK.Util.FileUtil.readLines(String file) in D:\Projects\MIraiKUgua-master\MMDK-o1\Util\FileUtil.cs:line 39
[2024/10/25 15:37:50][系统]Could not find a part of the path 'D:\Projects\MIraiKUgua-master\MMDK-o1\bin\Debug\net8.0-windows\RunningDataDataMode\symboltemplate.txt'.
   at Microsoft.Win32.SafeHandles.SafeFileHandle.CreateFile(String fullPath, FileMode mode, FileAccess access, FileShare share, FileOptions options)
   at Microsoft.Win32.SafeHandles.SafeFileHandle.Open(String fullPath, FileMode mode, FileAccess access, FileShare share, FileOptions options, Int64 preallocationSize, Nullable`1 unixCreateMode)
   at System.IO.Strategies.OSFileStreamStrategy..ctor(String path, FileMode mode, FileAccess access, FileShare share, FileOptions options, Int64 preallocationSize, Nullable`1 unixCreateMode)
   at System.IO.Strategies.FileStreamHelpers.ChooseStrategyCore(String path, FileMode mode, FileAccess access, FileShare share, FileOptions options, Int64 preallocationSize, Nullable`1 unixCreateMode)
   at System.IO.FileStream..ctor(String path, FileMode mode)
   at MMDK.Util.FileUtil.readLines(String file) in D:\Projects\MIraiKUgua-master\MMDK-o1\Util\FileUtil.cs:line 39
[2024/10/25 15:37:50][系统]bot启动完成，开始绑定接受数据回调
[2024/10/26 3:14:54][系统]开始初始化配置文件。
[2024/10/26 3:14:54][调试]新建空白群组资料列表，路径是D:\Projects\MIraiKUgua-master\MMDK-o1\bin\Debug\net8.0-windows/RunningData/data_playgroup.json
[2024/10/26 3:14:54][系统]Cannot deserialize the current JSON array (e.g. [1,2,3]) into type 'System.Collections.Generic.Dictionary`2[System.Int64,MMDK.Util.Playgroup]' because the type requires a JSON object (e.g. {"name":"value"}) to deserialize correctly.
To fix this error either change the JSON to a JSON object (e.g. {"name":"value"}) or change the deserialized type to an array or a type that implements a collection interface (e.g. ICollection, IList) like List<T> that can be deserialized from a JSON array. JsonArrayAttribute can also be added to the type to force it to deserialize from a JSON array.
Path '', line 1, position 1.
   at Newtonsoft.Json.Serialization.JsonSerializerInternalReader.EnsureArrayContract(JsonReader reader, Type objectType, JsonContract contract)
   at Newtonsoft.Json.Serialization.JsonSerializerInternalReader.CreateList(JsonReader reader, Type objectType, JsonContract contract, JsonProperty member, Object existingValue, String id)
   at Newtonsoft.Json.Serialization.JsonSerializerInternalReader.CreateValueInternal(JsonReader reader, Type objectType, JsonContract contract, JsonProperty member, JsonContainerContract containerContract, JsonProperty containerMember, Object existingValue)
   at Newtonsoft.Json.Serialization.JsonSerializerInternalReader.Deserialize(JsonReader reader, Type objectType, Boolean checkAdditionalContent)
   at Newtonsoft.Json.JsonSerializer.DeserializeInternal(JsonReader reader, Type objectType)
   at Newtonsoft.Json.JsonSerializer.Deserialize(JsonReader reader, Type objectType)
   at Newtonsoft.Json.JsonConvert.DeserializeObject(String value, Type type, JsonSerializerSettings settings)
   at Newtonsoft.Json.JsonConvert.DeserializeObject[T](String value, JsonSerializerSettings settings)
   at Newtonsoft.Json.JsonConvert.DeserializeObject[T](String value)
   at MMDK.Util.Config.Load() in D:\Projects\MIraiKUgua-master\MMDK-o1\Util\Config.cs:line 224
[2024/10/26 3:14:54][系统]配置文件读取完毕。
[2024/10/26 3:16:13][系统]开始初始化配置文件。
[2024/10/26 3:16:14][系统]Cannot deserialize the current JSON array (e.g. [1,2,3]) into type 'System.Collections.Generic.Dictionary`2[System.Int64,MMDK.Util.Playgroup]' because the type requires a JSON object (e.g. {"name":"value"}) to deserialize correctly.
To fix this error either change the JSON to a JSON object (e.g. {"name":"value"}) or change the deserialized type to an array or a type that implements a collection interface (e.g. ICollection, IList) like List<T> that can be deserialized from a JSON array. JsonArrayAttribute can also be added to the type to force it to deserialize from a JSON array.
Path '', line 1, position 1.
   at Newtonsoft.Json.Serialization.JsonSerializerInternalReader.EnsureArrayContract(JsonReader reader, Type objectType, JsonContract contract)
   at Newtonsoft.Json.Serialization.JsonSerializerInternalReader.CreateList(JsonReader reader, Type objectType, JsonContract contract, JsonProperty member, Object existingValue, String id)
   at Newtonsoft.Json.Serialization.JsonSerializerInternalReader.CreateValueInternal(JsonReader reader, Type objectType, JsonContract contract, JsonProperty member, JsonContainerContract containerContract, JsonProperty containerMember, Object existingValue)
   at Newtonsoft.Json.Serialization.JsonSerializerInternalReader.Deserialize(JsonReader reader, Type objectType, Boolean checkAdditionalContent)
   at Newtonsoft.Json.JsonSerializer.DeserializeInternal(JsonReader reader, Type objectType)
   at Newtonsoft.Json.JsonSerializer.Deserialize(JsonReader reader, Type objectType)
   at Newtonsoft.Json.JsonConvert.DeserializeObject(String value, Type type, JsonSerializerSettings settings)
   at Newtonsoft.Json.JsonConvert.DeserializeObject[T](String value, JsonSerializerSettings settings)
   at Newtonsoft.Json.JsonConvert.DeserializeObject[T](String value)
   at MMDK.Util.Config.Load() in D:\Projects\MIraiKUgua-master\MMDK-o1\Util\Config.cs:line 224
[2024/10/26 3:16:14][系统]配置文件读取完毕。
[2024/10/26 3:19:35][系统]开始初始化配置文件。
[2024/10/26 3:19:36][调试]新建空白用户资料列表，路径是D:\Projects\MIraiKUgua-master\MMDK-o1\bin\Debug\net8.0-windows/RunningData/data_player.json
[2024/10/26 3:19:36][调试]从D:\Projects\MIraiKUgua-master\MMDK-o1\bin\Debug\net8.0-windows/RunningData/data_player.json读取了0名用户资料
[2024/10/26 3:19:36][系统]Cannot deserialize the current JSON array (e.g. [1,2,3]) into type 'System.Collections.Generic.Dictionary`2[System.Int64,MMDK.Util.Playgroup]' because the type requires a JSON object (e.g. {"name":"value"}) to deserialize correctly.
To fix this error either change the JSON to a JSON object (e.g. {"name":"value"}) or change the deserialized type to an array or a type that implements a collection interface (e.g. ICollection, IList) like List<T> that can be deserialized from a JSON array. JsonArrayAttribute can also be added to the type to force it to deserialize from a JSON array.
Path '', line 1, position 1.
   at Newtonsoft.Json.Serialization.JsonSerializerInternalReader.EnsureArrayContract(JsonReader reader, Type objectType, JsonContract contract)
   at Newtonsoft.Json.Serialization.JsonSerializerInternalReader.CreateList(JsonReader reader, Type objectType, JsonContract contract, JsonProperty member, Object existingValue, String id)
   at Newtonsoft.Json.Serialization.JsonSerializerInternalReader.CreateValueInternal(JsonReader reader, Type objectType, JsonContract contract, JsonProperty member, JsonContainerContract containerContract, JsonProperty containerMember, Object existingValue)
   at Newtonsoft.Json.Serialization.JsonSerializerInternalReader.Deserialize(JsonReader reader, Type objectType, Boolean checkAdditionalContent)
   at Newtonsoft.Json.JsonSerializer.DeserializeInternal(JsonReader reader, Type objectType)
   at Newtonsoft.Json.JsonSerializer.Deserialize(JsonReader reader, Type objectType)
   at Newtonsoft.Json.JsonConvert.DeserializeObject(String value, Type type, JsonSerializerSettings settings)
   at Newtonsoft.Json.JsonConvert.DeserializeObject[T](String value, JsonSerializerSettings settings)
   at Newtonsoft.Json.JsonConvert.DeserializeObject[T](String value)
   at MMDK.Util.Config.Load() in D:\Projects\MIraiKUgua-master\MMDK-o1\Util\Config.cs:line 224
[2024/10/26 3:19:36][系统]配置文件读取完毕。
[2024/10/26 3:20:48][系统]开始初始化配置文件。
[2024/10/26 3:20:49][调试]从D:\Projects\MIraiKUgua-master\MMDK-o1\bin\Debug\net8.0-windows/RunningData/data_player.json读取了0名用户资料
[2024/10/26 3:21:10][系统]开始初始化配置文件。
[2024/10/26 3:21:11][调试]从D:\Projects\MIraiKUgua-master\MMDK-o1\bin\Debug\net8.0-windows/RunningData/data_player.json读取了0名用户资料
[2024/10/26 3:21:53][系统]开始初始化配置文件。
[2024/10/26 3:21:53][调试]新建空白用户资料列表，路径是D:\Projects\MIraiKUgua-master\MMDK-o1\bin\Debug\net8.0-windows/RunningData/data_player.json
[2024/10/26 3:21:53][调试]从D:\Projects\MIraiKUgua-master\MMDK-o1\bin\Debug\net8.0-windows/RunningData/data_player.json读取了0名用户资料
[2024/10/26 3:21:53][调试]新建空白群组资料列表，路径是D:\Projects\MIraiKUgua-master\MMDK-o1\bin\Debug\net8.0-windows/RunningData/data_playgroup.json
[2024/10/26 3:21:55][调试]从D:\Projects\MIraiKUgua-master\MMDK-o1\bin\Debug\net8.0-windows/RunningData/data_playgroup.json读取了0个群组资料
[2024/10/26 3:21:55][系统]配置文件读取完毕。
[2024/10/26 3:22:14][系统]正在连接Mirai本地...
[2024/10/26 3:22:15][系统]开始启动bot...
[2024/10/26 3:22:15][系统]历史记录保存在 D:\Projects\MIraiKUgua-master\MMDK-o1\bin\Debug\net8.0-windows/RunningData/History 里
[2024/10/26 3:22:15][系统]bot启动完成，开始绑定接受数据回调
[2024/10/26 3:22:17][系统]连接成功：System.EventArgs
[2024/10/26 3:22:26][系统]好友信息 [qq:287859992,昵称:荧瞳,备注:主策] 
内容:zai
[2024/10/26 3:22:29][系统]好友信息 [qq:287859992,昵称:荧瞳,备注:主策] 
内容:状态
[2024/10/26 3:22:32][系统]好友信息 [qq:287859992,昵称:荧瞳,备注:主策] 
内容:模式
[2024/10/26 3:22:36][系统]好友信息 [qq:287859992,昵称:荧瞳,备注:主策] 
内容:正常模式on
[2024/10/26 3:22:38][系统]好友信息 [qq:287859992,昵称:荧瞳,备注:主策] 
内容:啊
[2024/10/26 3:34:21][系统]开始初始化配置文件。
[2024/10/26 3:34:21][调试]从D:\Projects\MIraiKUgua-master\MMDK-o1\bin\Debug\net8.0-windows/RunningData/data_player.json读取了0名用户资料
[2024/10/26 3:34:21][调试]从D:\Projects\MIraiKUgua-master\MMDK-o1\bin\Debug\net8.0-windows/RunningData/data_playgroup.json读取了0个群组资料
[2024/10/26 3:34:21][系统]配置文件读取完毕。
[2024/10/26 3:34:30][系统]正在连接Mirai本地...
[2024/10/26 3:34:30][系统]开始启动bot...
[2024/10/26 3:34:30][系统]历史记录保存在 D:\Projects\MIraiKUgua-master\MMDK-o1\bin\Debug\net8.0-windows/RunningData/History 里
[2024/10/26 3:34:31][系统]bot启动完成，开始绑定接受数据回调
[2024/10/26 3:34:33][系统]连接成功：System.EventArgs
[2024/10/26 3:34:33][系统]好友信息 [qq:287859992,昵称:荧瞳,备注:主策] 
内容:啊这
[2024/10/26 3:34:40][系统]好友信息 [qq:287859992,昵称:荧瞳,备注:主策] 
内容:混沌模式on
[2024/10/26 3:34:43][系统]好友信息 [qq:287859992,昵称:荧瞳,备注:主策] 
内容:正常模式on
[2024/10/26 3:34:45][系统]好友信息 [qq:287859992,昵称:荧瞳,备注:主策] 
内容:在吗
[2024/10/26 3:34:46][系统]好友信息 [qq:287859992,昵称:荧瞳,备注:主策] 
内容:签到
[2024/10/26 3:34:53][系统]好友信息 [qq:287859992,昵称:荧瞳,备注:主策] 
内容:模式列表
[2024/10/26 3:34:55][系统]好友信息 [qq:287859992,昵称:荧瞳,备注:主策] 
内容:傻逼模式on
[2024/10/26 3:34:55][系统]mode 傻逼 not exist.
[2024/10/26 3:35:02][系统]好友信息 [qq:287859992,昵称:荧瞳,备注:主策] 
内容:基督模式on
[2024/10/26 3:35:03][系统]好友信息 [qq:287859992,昵称:荧瞳,备注:主策] 
内容:啊
[2024/10/26 3:35:12][系统]好友信息 [qq:287859992,昵称:荧瞳,备注:主策] 
内容:占卜
[2024/10/26 3:40:48][系统]开始初始化配置文件。
[2024/10/26 3:40:48][调试]从D:\Projects\MIraiKUgua-master\MMDK-o1\bin\Debug\net8.0-windows/RunningData/data_player.json读取了1名用户资料
[2024/10/26 3:40:48][调试]从D:\Projects\MIraiKUgua-master\MMDK-o1\bin\Debug\net8.0-windows/RunningData/data_playgroup.json读取了1个群组资料
[2024/10/26 3:40:48][系统]配置文件读取完毕。
[2024/10/26 3:40:50][系统]正在连接Mirai本地...
[2024/10/26 3:40:50][系统]开始启动bot...
[2024/10/26 3:40:50][系统]历史记录保存在 D:\Projects\MIraiKUgua-master\MMDK-o1\bin\Debug\net8.0-windows/RunningData/History 里
[2024/10/26 3:40:50][系统]bot启动完成，开始绑定接受数据回调
[2024/10/26 3:40:52][系统]连接成功：System.EventArgs
[2024/10/26 3:40:54][系统]好友信息 [qq:287859992,昵称:荧瞳,备注:主策] 
内容:我苦
[2024/10/26 3:40:57][系统]好友信息 [qq:287859992,昵称:荧瞳,备注:主策] 
内容:啊
[2024/10/26 3:40:58][系统]好友信息 [qq:287859992,昵称:荧瞳,备注:主策] 
内容:啊这
[2024/10/26 3:41:00][系统]好友信息 [qq:287859992,昵称:荧瞳,备注:主策] 
内容:啊
[2024/10/26 3:41:01][系统]好友信息 [qq:287859992,昵称:荧瞳,备注:主策] 
内容:啊
[2024/10/26 3:41:01][系统]好友信息 [qq:287859992,昵称:荧瞳,备注:主策] 
内容:啊
[2024/10/26 3:41:01][系统]好友信息 [qq:2963959417,昵称:限定苦瓜、,备注:限定苦瓜、] 
内容:耶和华的手按在他身上。
[2024/10/26 3:42:19][系统]开始初始化配置文件。
[2024/10/26 3:42:19][调试]从D:\Projects\MIraiKUgua-master\MMDK-o1\bin\Debug\net8.0-windows/RunningData/data_player.json读取了1名用户资料
[2024/10/26 3:42:19][调试]从D:\Projects\MIraiKUgua-master\MMDK-o1\bin\Debug\net8.0-windows/RunningData/data_playgroup.json读取了1个群组资料
[2024/10/26 3:42:19][系统]配置文件读取完毕。
[2024/10/26 3:42:21][系统]正在连接Mirai本地...
[2024/10/26 3:42:21][系统]开始启动bot...
[2024/10/26 3:42:21][系统]历史记录保存在 D:\Projects\MIraiKUgua-master\MMDK-o1\bin\Debug\net8.0-windows/RunningData/History 里
[2024/10/26 3:42:21][系统]bot启动完成，开始绑定接受数据回调
[2024/10/26 3:42:23][系统]连接成功：System.EventArgs
[2024/10/26 3:42:29][系统]好友信息 [qq:287859992,昵称:荧瞳,备注:主策] 
内容: a
[2024/10/26 3:42:30][系统]好友信息 [qq:287859992,昵称:荧瞳,备注:主策] 
内容:a
[2024/10/26 3:42:32][系统]好友信息 [qq:2963959417,昵称:限定苦瓜、,备注:限定苦瓜、] 
内容:这些人办事诚实。有人告诉迦萨人说？因为他们甚至到但去拜那牛犊。因为在日常的供给上忽略了他们的寡妇——
[2024/10/26 3:42:32][系统]好友信息 [qq:287859992,昵称:荧瞳,备注:主策] 
内容:12
[2024/10/26 3:43:43][系统]开始初始化配置文件。
[2024/10/26 3:43:43][调试]从D:\Projects\MIraiKUgua-master\MMDK-o1\bin\Debug\net8.0-windows/RunningData/data_player.json读取了1名用户资料
[2024/10/26 3:43:43][调试]从D:\Projects\MIraiKUgua-master\MMDK-o1\bin\Debug\net8.0-windows/RunningData/data_playgroup.json读取了1个群组资料
[2024/10/26 3:43:43][系统]配置文件读取完毕。
[2024/10/26 3:43:45][系统]正在连接Mirai本地...
[2024/10/26 3:43:45][系统]开始启动bot...
[2024/10/26 3:43:45][系统]历史记录保存在 D:\Projects\MIraiKUgua-master\MMDK-o1\bin\Debug\net8.0-windows/RunningData/History 里
[2024/10/26 3:43:46][系统]bot启动完成，开始绑定接受数据回调
[2024/10/26 3:43:47][系统]连接成功：System.EventArgs
[2024/10/26 3:43:49][系统]好友信息 [qq:287859992,昵称:荧瞳,备注:主策] 
内容:1
[2024/10/26 3:43:50][系统]好友信息 [qq:287859992,昵称:荧瞳,备注:主策] 
内容:2
[2024/10/26 3:43:50][系统]好友信息 [qq:2963959417,昵称:限定苦瓜、,备注:限定苦瓜、] 
内容:又给他穿上铠甲。有一只公山羊从西而来。欢喜快乐不是从我们上帝的殿中止息了吗？
[2024/10/26 3:43:51][系统]好友信息 [qq:287859992,昵称:荧瞳,备注:主策] 
内容:3
[2024/10/26 3:43:51][系统]好友信息 [qq:2963959417,昵称:限定苦瓜、,备注:限定苦瓜、] 
内容:若不传福音而且饱足。也不要用他们的偶像玷污自己？绝不迟延必不洁净到晚上——引导我走永生的道路——
[2024/10/26 3:43:51][系统]好友信息 [qq:287859992,昵称:荧瞳,备注:主策] 
内容:4
[2024/10/26 3:43:51][系统]好友信息 [qq:2963959417,昵称:限定苦瓜、,备注:限定苦瓜、] 
内容:嫩枝生长不息。到那日——因为他极力抗拒我们的话！
[2024/10/26 3:43:52][系统]好友信息 [qq:287859992,昵称:荧瞳,备注:主策] 
内容:5
[2024/10/26 3:43:52][系统]好友信息 [qq:2963959417,昵称:限定苦瓜、,备注:限定苦瓜、] 
内容:看见路旁有一棵无花果树？要在迦巴住宿…
[2024/10/26 3:43:52][系统]好友信息 [qq:287859992,昵称:荧瞳,备注:主策] 
内容:6
[2024/10/26 3:43:52][系统]好友信息 [qq:287859992,昵称:荧瞳,备注:主策] 
内容:7
[2024/10/26 3:43:52][系统]好友信息 [qq:2963959417,昵称:限定苦瓜、,备注:限定苦瓜、] 
内容:箭头蛇要在那里做窝…又像能打碎磐石的大锤吗。你们心里为什么议论呢…
[2024/10/26 3:43:53][系统]好友信息 [qq:287859992,昵称:荧瞳,备注:主策] 
内容:1
[2024/10/26 3:43:53][系统]好友信息 [qq:287859992,昵称:荧瞳,备注:主策] 
内容:1
[2024/10/26 3:43:53][系统]好友信息 [qq:287859992,昵称:荧瞳,备注:主策] 
内容:1
[2024/10/26 3:43:53][系统]好友信息 [qq:2963959417,昵称:限定苦瓜、,备注:限定苦瓜、] 
内容:就拿着盛满香膏的玉瓶！你们不必派人去。无法占卜…
[2024/10/26 3:43:53][系统]好友信息 [qq:287859992,昵称:荧瞳,备注:主策] 
内容:1
[2024/10/26 3:43:53][系统]好友信息 [qq:2963959417,昵称:限定苦瓜、,备注:限定苦瓜、] 
内容:头巾、足链、华带、香盒、符囊、能放胆开口讲明福音的奥秘——他的报应在他面前！
[2024/10/26 3:43:53][系统]好友信息 [qq:287859992,昵称:荧瞳,备注:主策] 
内容:1
[2024/10/26 3:43:54][系统]好友信息 [qq:287859992,昵称:荧瞳,备注:主策] 
内容:12312
[2024/10/26 3:43:54][系统]好友信息 [qq:2963959417,昵称:限定苦瓜、,备注:限定苦瓜、] 
内容:我与我所拣选的人立了约…地上的众王都求见所罗门的面。也说给我听你倚靠什么——
[2024/10/26 3:43:54][系统]好友信息 [qq:287859992,昵称:荧瞳,备注:主策] 
内容:312
[2024/10/26 3:43:54][系统]好友信息 [qq:2963959417,昵称:限定苦瓜、,备注:限定苦瓜、] 
内容:现在不要惧怕——
[2024/10/26 3:43:54][系统]好友信息 [qq:287859992,昵称:荧瞳,备注:主策] 
内容:3
[2024/10/26 3:43:54][系统]好友信息 [qq:287859992,昵称:荧瞳,备注:主策] 
内容:123
[2024/10/26 3:43:54][系统]好友信息 [qq:2963959417,昵称:限定苦瓜、,备注:限定苦瓜、] 
内容:立在城楼上观看？使它的地荒凉——大卫逃避他儿子押沙龙时所作的诗！你吃不到它的肉。
[2024/10/26 3:43:55][系统]好友信息 [qq:287859992,昵称:荧瞳,备注:主策] 
内容:23
[2024/10/26 3:43:55][系统]好友信息 [qq:287859992,昵称:荧瞳,备注:主策] 
内容:1231
[2024/10/26 3:43:55][系统]好友信息 [qq:2963959417,昵称:限定苦瓜、,备注:限定苦瓜、] 
内容:伯特利人和艾人共一百二十三名
我必把人从地面上剪除！使他从我这里撤退…
[2024/10/26 3:43:55][系统]好友信息 [qq:287859992,昵称:荧瞳,备注:主策] 
内容:123
[2024/10/26 3:43:55][系统]好友信息 [qq:2963959417,昵称:限定苦瓜、,备注:限定苦瓜、] 
内容:救赎我脱离残暴人的手。学生不高过老师

[2024/10/26 3:43:55][系统]好友信息 [qq:287859992,昵称:荧瞳,备注:主策] 
内容:123
[2024/10/26 3:43:56][系统]好友信息 [qq:287859992,昵称:荧瞳,备注:主策] 
内容:123123
[2024/10/26 3:43:56][系统]好友信息 [qq:2963959417,昵称:限定苦瓜、,备注:限定苦瓜、] 
内容:雅各看见他们就说。但如今不要勒索任何人
玛拿西没有赶出伯˙善和所属乡镇的居民——见了所发生的事…
[2024/10/26 3:43:56][系统]好友信息 [qq:2963959417,昵称:限定苦瓜、,备注:限定苦瓜、] 
内容:因他心里骄傲。
[2024/10/26 3:43:56][系统]好友信息 [qq:287859992,昵称:荧瞳,备注:主策] 
内容:123123
[2024/10/26 3:43:56][系统]好友信息 [qq:2963959417,昵称:限定苦瓜、,备注:限定苦瓜、] 
内容:君子却图谋高尚的事——若不看见神迹奇事。
[2024/10/26 3:43:56][系统]好友信息 [qq:287859992,昵称:荧瞳,备注:主策] 
内容:321
[2024/10/26 3:43:56][系统]好友信息 [qq:287859992,昵称:荧瞳,备注:主策] 
内容:32
[2024/10/26 3:43:57][系统]好友信息 [qq:287859992,昵称:荧瞳,备注:主策] 
内容:12
[2024/10/26 3:43:57][系统]好友信息 [qq:2963959417,昵称:限定苦瓜、,备注:限定苦瓜、] 
内容:抽签分产业给九个半支派？求你使你的勇士降临——不可伤害我的受膏者。众人就这样做。
[2024/10/26 3:43:57][系统]好友信息 [qq:287859992,昵称:荧瞳,备注:主策] 
内容:3
[2024/10/26 3:44:02][系统]好友信息 [qq:287859992,昵称:荧瞳,备注:主策] 
内容:个人信息
[2024/10/26 3:44:05][系统]好友信息 [qq:287859992,昵称:荧瞳,备注:主策] 
内容:个人状态
[2024/10/26 3:44:30][系统]开始初始化配置文件。
[2024/10/26 3:44:30][调试]从D:\Projects\MIraiKUgua-master\MMDK-o1\bin\Debug\net8.0-windows/RunningData/data_player.json读取了1名用户资料
[2024/10/26 3:44:30][调试]从D:\Projects\MIraiKUgua-master\MMDK-o1\bin\Debug\net8.0-windows/RunningData/data_playgroup.json读取了1个群组资料
[2024/10/26 3:44:30][系统]配置文件读取完毕。
[2024/10/26 3:44:31][系统]正在连接Mirai本地...
[2024/10/26 3:44:31][系统]开始启动bot...
[2024/10/26 3:44:31][系统]历史记录保存在 D:\Projects\MIraiKUgua-master\MMDK-o1\bin\Debug\net8.0-windows/RunningData/History 里
[2024/10/26 3:44:31][系统]bot启动完成，开始绑定接受数据回调
[2024/10/26 3:44:33][系统]连接成功：System.EventArgs
[2024/10/26 3:44:34][系统]好友信息 [qq:287859992,昵称:荧瞳,备注:主策] 
内容:个人信息
[2024/10/26 3:45:55][系统]开始初始化配置文件。
[2024/10/26 3:45:55][调试]从D:\Projects\MIraiKUgua-master\MMDK-o1\bin\Debug\net8.0-windows/RunningData/data_player.json读取了1名用户资料
[2024/10/26 3:45:55][调试]从D:\Projects\MIraiKUgua-master\MMDK-o1\bin\Debug\net8.0-windows/RunningData/data_playgroup.json读取了1个群组资料
[2024/10/26 3:45:55][系统]配置文件读取完毕。
[2024/10/26 3:45:56][系统]正在连接Mirai本地...
[2024/10/26 3:45:57][系统]开始启动bot...
[2024/10/26 3:45:57][系统]历史记录保存在 D:\Projects\MIraiKUgua-master\MMDK-o1\bin\Debug\net8.0-windows/RunningData/History 里
[2024/10/26 3:45:57][系统]bot启动完成，开始绑定接受数据回调
[2024/10/26 3:45:59][系统]连接成功：System.EventArgs
[2024/10/26 3:45:59][系统]好友信息 [qq:287859992,昵称:荧瞳,备注:主策] 
内容:签到
[2024/10/26 3:46:02][系统]好友信息 [qq:287859992,昵称:荧瞳,备注:主策] 
内容:状态
[2024/10/26 3:46:03][系统]好友信息 [qq:287859992,昵称:荧瞳,备注:主策] 
内容:个人信息
[2024/10/26 3:49:27][系统]开始初始化配置文件。
[2024/10/26 3:49:27][调试]从D:\Projects\MIraiKUgua-master\MMDK-o1\bin\Debug\net8.0-windows/RunningData/data_player.json读取了1名用户资料
[2024/10/26 3:49:27][调试]从D:\Projects\MIraiKUgua-master\MMDK-o1\bin\Debug\net8.0-windows/RunningData/data_playgroup.json读取了1个群组资料
[2024/10/26 3:49:27][系统]配置文件读取完毕。
[2024/10/26 3:49:29][系统]正在连接Mirai本地...
[2024/10/26 3:49:29][系统]开始启动bot...
[2024/10/26 3:49:29][系统]历史记录保存在 D:\Projects\MIraiKUgua-master\MMDK-o1\bin\Debug\net8.0-windows/RunningData/History 里
[2024/10/26 3:49:29][系统]bot启动完成，开始绑定接受数据回调
[2024/10/26 3:49:31][系统]连接成功：System.EventArgs
[2024/10/26 3:49:32][系统]好友信息 [qq:287859992,昵称:荧瞳,备注:主策] 
内容:状态
[2024/10/26 3:49:34][系统]好友信息 [qq:287859992,昵称:荧瞳,备注:主策] 
内容:签到
[2024/10/26 3:49:44][系统]好友信息 [qq:287859992,昵称:荧瞳,备注:主策] 
内容:模式列表
[2024/10/26 3:49:45][系统]好友信息 [qq:287859992,昵称:荧瞳,备注:主策] 
内容:用法
[2024/10/26 3:49:48][系统]好友信息 [qq:287859992,昵称:荧瞳,备注:主策] 
内容:签到
[2024/10/26 3:49:53][系统]好友信息 [qq:287859992,昵称:荧瞳,备注:主策] 
内容:给22转账10
[2024/10/26 3:49:57][系统]好友信息 [qq:287859992,昵称:荧瞳,备注:主策] 
内容:rd
[2024/10/26 3:50:00][系统]好友信息 [qq:287859992,昵称:荧瞳,备注:主策] 
内容:r3d6
[2024/10/26 3:50:07][系统]好友信息 [qq:287859992,昵称:荧瞳,备注:主策] 
内容:数字论证123
[2024/10/26 3:50:12][系统]好友信息 [qq:287859992,昵称:荧瞳,备注:主策] 
内容:论证22
[2024/10/26 3:50:27][系统]好友信息 [qq:287859992,昵称:荧瞳,备注:主策] 
内容:签到
[2024/10/26 3:50:29][系统]好友信息 [qq:287859992,昵称:荧瞳,备注:主策] 
内容:.
[2024/10/26 3:50:32][系统]好友信息 [qq:287859992,昵称:荧瞳,备注:主策] 
内容:个人信息
[2024/10/26 3:50:38][系统]好友信息 [qq:287859992,昵称:荧瞳,备注:主策] 
内容:再见
[2024/10/26 3:50:39][系统]好友信息 [qq:2963959417,昵称:限定苦瓜、,备注:限定苦瓜、] 
内容:我要说动她的心。
[2024/10/26 3:50:39][系统]好友信息 [qq:287859992,昵称:荧瞳,备注:主策] 
内容:/
[2024/10/26 3:50:45][系统]群友信息 [qq:287859992,昵称:荧瞳] 
内容:123
[2024/10/26 3:50:45][系统]群友信息 [qq:287859992,昵称:荧瞳] 
内容:12
[2024/10/26 3:50:45][系统]群友信息 [qq:287859992,昵称:荧瞳] 
内容:121
[2024/10/26 3:50:46][系统]群友信息 [qq:287859992,昵称:荧瞳] 
内容:23
[2024/10/26 3:50:46][系统]群友信息 [qq:287859992,昵称:荧瞳] 
内容:123
[2024/10/26 3:50:46][系统]群友信息 [qq:287859992,昵称:荧瞳] 
内容:1
[2024/10/26 3:50:46][系统]群友信息 [qq:287859992,昵称:荧瞳] 
内容:23
[2024/10/26 3:50:46][系统]群友信息 [qq:287859992,昵称:荧瞳] 
内容:123
[2024/10/26 3:50:46][系统]群友信息 [qq:287859992,昵称:荧瞳] 
内容:123
[2024/10/26 3:50:48][系统]群友信息 [qq:287859992,昵称:荧瞳] 
内容:我苦
[2024/10/26 3:50:50][系统]群友信息 [qq:287859992,昵称:荧瞳] 
内容:我苦状态
[2024/10/26 3:51:01][系统]群友信息 [qq:287859992,昵称:荧瞳] 
内容:我苦模式列表
[2024/10/26 3:51:07][系统]群友信息 [qq:287859992,昵称:荧瞳] 
内容: 中二模式on
[2024/10/26 3:51:08][系统]群友信息 [qq:287859992,昵称:荧瞳] 
内容:啊
[2024/10/26 3:51:11][系统]群友信息 [qq:287859992,昵称:荧瞳] 
内容:我苦啊
[2024/10/26 3:51:14][系统]群友信息 [qq:287859992,昵称:荧瞳] 
内容: 
[2024/10/26 3:51:21][系统]群友信息 [qq:287859992,昵称:荧瞳] 
内容: 数字论证
[2024/10/26 3:51:27][系统]群友信息 [qq:287859992,昵称:荧瞳] 
内容: 上联你妈死了
[2024/10/26 3:51:34][系统]群友信息 [qq:287859992,昵称:荧瞳] 
内容: 上联12345
[2024/10/26 3:51:49][系统]群友信息 [qq:287859992,昵称:荧瞳] 
内容:我苦状态
[2024/10/26 3:51:56][系统]群友信息 [qq:287859992,昵称:荧瞳] 
内容:我苦个人信息
[2024/10/26 3:55:00][系统]开始初始化配置文件。
[2024/10/26 3:55:01][调试]从D:\Projects\MIraiKUgua-master\MMDK-o1\bin\Debug\net8.0-windows/RunningData/data_player.json读取了2名用户资料
[2024/10/26 3:55:01][调试]从D:\Projects\MIraiKUgua-master\MMDK-o1\bin\Debug\net8.0-windows/RunningData/data_playgroup.json读取了3个群组资料
[2024/10/26 3:55:01][系统]配置文件读取完毕。
[2024/10/26 3:55:01][系统]正在连接Mirai本地...
[2024/10/26 3:55:01][系统]开始启动bot...
[2024/10/26 3:55:01][系统]历史记录保存在 D:\Projects\MIraiKUgua-master\MMDK-o1\bin\Debug\net8.0-windows/RunningData/History 里
[2024/10/26 3:55:02][系统]bot启动完成，开始绑定接受数据回调
[2024/10/26 3:55:03][系统]连接成功：System.EventArgs
[2024/10/26 3:55:05][系统]群友信息 [qq:287859992,昵称:荧瞳] 
内容:状态
[2024/10/26 3:55:06][系统]群友信息 [qq:287859992,昵称:荧瞳] 
内容:我苦状态
[2024/10/26 3:55:08][系统]群友信息 [qq:287859992,昵称:荧瞳] 
内容:状态
[2024/10/26 3:55:08][系统]群友信息 [qq:287859992,昵称:荧瞳] 
内容:啊
[2024/10/26 3:55:09][系统]群友信息 [qq:287859992,昵称:荧瞳] 
内容:1
[2024/10/26 3:55:10][系统]群友信息 [qq:287859992,昵称:荧瞳] 
内容:1
[2024/10/26 3:55:10][系统]群友信息 [qq:287859992,昵称:荧瞳] 
内容:23
[2024/10/26 3:55:10][系统]群友信息 [qq:287859992,昵称:荧瞳] 
内容:123
[2024/10/26 3:55:10][系统]群友信息 [qq:287859992,昵称:荧瞳] 
内容:1
[2024/10/26 3:55:10][系统]群友信息 [qq:287859992,昵称:荧瞳] 
内容:23
[2024/10/26 3:55:12][系统]群友信息 [qq:287859992,昵称:荧瞳] 
内容:我k
[2024/10/26 3:55:13][系统]群友信息 [qq:287859992,昵称:荧瞳] 
内容:我苦
[2024/10/26 3:55:14][系统]群友信息 [qq:287859992,昵称:荧瞳] 
内容:状态
[2024/10/26 3:55:18][系统]群友信息 [qq:287859992,昵称:荧瞳] 
内容:状态不好啊
[2024/10/26 3:55:21][系统]群友信息 [qq:287859992,昵称:荧瞳] 
内容:状态好么
[2024/10/26 3:55:24][系统]群友信息 [qq:287859992,昵称:荧瞳] 
内容:用法
[2024/10/26 3:55:27][系统]群友信息 [qq:287859992,昵称:荧瞳] 
内容:签到
[2024/10/26 3:57:16][系统]开始初始化配置文件。
[2024/10/26 3:57:16][调试]从D:\Projects\MIraiKUgua-master\MMDK-o1\bin\Debug\net8.0-windows/RunningData/data_player.json读取了2名用户资料
[2024/10/26 3:57:16][调试]从D:\Projects\MIraiKUgua-master\MMDK-o1\bin\Debug\net8.0-windows/RunningData/data_playgroup.json读取了3个群组资料
[2024/10/26 3:57:16][系统]配置文件读取完毕。
[2024/10/26 3:57:17][系统]正在连接Mirai本地...
[2024/10/26 3:57:17][系统]开始启动bot...
[2024/10/26 3:57:17][系统]历史记录保存在 D:\Projects\MIraiKUgua-master\MMDK-o1\bin\Debug\net8.0-windows/RunningData/History 里
[2024/10/26 3:57:17][系统]bot启动完成，开始绑定接受数据回调
[2024/10/26 3:57:19][系统]连接成功：System.EventArgs
[2024/10/26 3:57:20][系统]群友信息 [qq:287859992,昵称:荧瞳] 
内容:状态
[2024/10/26 3:57:21][系统]群友信息 [qq:287859992,昵称:荧瞳] 
内容:签到
[2024/10/26 3:58:18][系统]开始初始化配置文件。
[2024/10/26 3:58:18][调试]从D:\Projects\MIraiKUgua-master\MMDK-o1\bin\Debug\net8.0-windows/RunningData/data_player.json读取了2名用户资料
[2024/10/26 3:58:18][调试]从D:\Projects\MIraiKUgua-master\MMDK-o1\bin\Debug\net8.0-windows/RunningData/data_playgroup.json读取了3个群组资料
[2024/10/26 3:58:18][系统]配置文件读取完毕。
[2024/10/26 3:58:19][系统]正在连接Mirai本地...
[2024/10/26 3:58:19][系统]开始启动bot...
[2024/10/26 3:58:19][系统]历史记录保存在 D:\Projects\MIraiKUgua-master\MMDK-o1\bin\Debug\net8.0-windows/RunningData/History 里
[2024/10/26 3:58:19][系统]bot启动完成，开始绑定接受数据回调
[2024/10/26 3:58:21][系统]连接成功：System.EventArgs
[2024/10/26 3:58:21][系统]群友信息 [qq:287859992,昵称:荧瞳] 
内容:状态
[2024/10/26 3:58:22][系统]群友信息 [qq:287859992,昵称:荧瞳] 
内容:签到
[2024/10/26 3:58:25][系统]群友信息 [qq:287859992,昵称:荧瞳] 
内容:qd 
[2024/10/26 3:58:26][系统]群友信息 [qq:287859992,昵称:荧瞳] 
内容:签到
[2024/10/26 3:58:27][系统]群友信息 [qq:287859992,昵称:荧瞳] 
内容:签到
[2024/10/26 3:58:28][系统]群友信息 [qq:287859992,昵称:荧瞳] 
内容:状态
[2024/10/26 3:58:30][系统]群友信息 [qq:287859992,昵称:荧瞳] 
内容:在吗
[2024/10/26 4:02:42][系统]开始初始化配置文件。
[2024/10/26 4:02:42][调试]从D:\Projects\MIraiKUgua-master\MMDK-o1\bin\Debug\net8.0-windows/RunningData/data_player.json读取了2名用户资料
[2024/10/26 4:02:42][调试]从D:\Projects\MIraiKUgua-master\MMDK-o1\bin\Debug\net8.0-windows/RunningData/data_playgroup.json读取了3个群组资料
[2024/10/26 4:02:42][系统]配置文件读取完毕。
[2024/10/26 4:02:44][系统]正在连接Mirai本地...
[2024/10/26 4:02:44][系统]开始启动bot...
[2024/10/26 4:02:44][系统]历史记录保存在 D:\Projects\MIraiKUgua-master\MMDK-o1\bin\Debug\net8.0-windows/RunningData/History 里
[2024/10/26 4:02:44][系统]bot启动完成，开始绑定接受数据回调
[2024/10/26 4:02:46][系统]连接成功：System.EventArgs
[2024/10/26 4:02:48][系统]群友信息 [qq:287859992,昵称:荧瞳] 
内容:在吗
[2024/10/26 4:02:50][系统]群友信息 [qq:287859992,昵称:荧瞳] 
内容:我苦
[2024/10/26 4:02:52][系统]群友信息 [qq:287859992,昵称:荧瞳] 
内容:我苦状态
[2024/10/26 4:02:59][系统]群友信息 [qq:287859992,昵称:荧瞳] 
内容:我苦喷人模式on
[2024/10/26 4:02:59][系统]mode 喷人 not exist.
[2024/10/26 4:03:04][系统]群友信息 [qq:287859992,昵称:荧瞳] 
内容:啊
[2024/10/26 4:03:05][系统]群友信息 [qq:287859992,昵称:荧瞳] 
内容:1
[2024/10/26 4:03:05][系统]群友信息 [qq:287859992,昵称:荧瞳] 
内容:2
[2024/10/26 4:03:05][系统]群友信息 [qq:287859992,昵称:荧瞳] 
内容:1
[2024/10/26 4:03:05][系统]群友信息 [qq:287859992,昵称:荧瞳] 
内容:12
[2024/10/26 4:03:06][系统]群友信息 [qq:287859992,昵称:荧瞳] 
内容:1
[2024/10/26 4:03:06][系统]群友信息 [qq:287859992,昵称:荧瞳] 
内容:23
[2024/10/26 4:03:06][系统]群友信息 [qq:287859992,昵称:荧瞳] 
内容:123
[2024/10/26 4:03:06][系统]群友信息 [qq:287859992,昵称:荧瞳] 
内容:1
[2024/10/26 4:03:06][系统]群友信息 [qq:287859992,昵称:荧瞳] 
内容:23
[2024/10/26 4:03:06][系统]群友信息 [qq:287859992,昵称:荧瞳] 
内容:123
[2024/10/26 4:03:07][系统]群友信息 [qq:287859992,昵称:荧瞳] 
内容:1
[2024/10/26 4:03:07][系统]群友信息 [qq:287859992,昵称:荧瞳] 
内容:23
[2024/10/26 4:03:07][系统]群友信息 [qq:287859992,昵称:荧瞳] 
内容:12
[2024/10/26 4:11:30][系统]开始初始化配置文件。
[2024/10/26 4:11:30][调试]从D:\Projects\MIraiKUgua-master\MMDK-o1\bin\Debug\net8.0-windows/RunningData/data_player.json读取了2名用户资料
[2024/10/26 4:11:30][调试]从D:\Projects\MIraiKUgua-master\MMDK-o1\bin\Debug\net8.0-windows/RunningData/data_playgroup.json读取了3个群组资料
[2024/10/26 4:11:30][系统]配置文件读取完毕。
[2024/10/26 4:11:31][系统]正在连接Mirai本地...
[2024/10/26 4:11:31][系统]开始启动bot...
[2024/10/26 4:11:31][系统]历史记录保存在 D:\Projects\MIraiKUgua-master\MMDK-o1\bin\Debug\net8.0-windows/RunningData/History 里
[2024/10/26 4:11:31][系统]bot启动完成，开始绑定接受数据回调
[2024/10/26 4:11:33][系统]连接成功：System.EventArgs
[2024/10/26 4:11:35][系统]群友信息 [qq:287859992,昵称:荧瞳] 
内容:在吗
[2024/10/26 4:11:36][系统]群友信息 [qq:287859992,昵称:荧瞳] 
内容:1
[2024/10/26 4:11:36][系统]群友信息 [qq:287859992,昵称:荧瞳] 
内容:2
[2024/10/26 4:11:37][系统]群友信息 [qq:287859992,昵称:荧瞳] 
内容:123
[2024/10/26 4:11:37][系统]群友信息 [qq:287859992,昵称:荧瞳] 
内容:12312
[2024/10/26 4:11:37][系统]群友信息 [qq:287859992,昵称:荧瞳] 
内容:3
[2024/10/26 4:11:37][系统]群友信息 [qq:287859992,昵称:荧瞳] 
内容:12
[2024/10/26 4:11:37][系统]群友信息 [qq:287859992,昵称:荧瞳] 
内容:123
[2024/10/26 4:11:38][系统]群友信息 [qq:287859992,昵称:荧瞳] 
内容:13
[2024/10/26 4:11:38][系统]群友信息 [qq:287859992,昵称:荧瞳] 
内容:123
[2024/10/26 4:11:38][系统]群友信息 [qq:287859992,昵称:荧瞳] 
内容:123
[2024/10/26 4:11:38][系统]群友信息 [qq:287859992,昵称:荧瞳] 
内容:123
[2024/10/26 4:11:38][系统]群友信息 [qq:287859992,昵称:荧瞳] 
内容:12
[2024/10/26 4:11:38][系统]群友信息 [qq:287859992,昵称:荧瞳] 
内容:312
[2024/10/26 4:11:39][系统]群友信息 [qq:287859992,昵称:荧瞳] 
内容:3
[2024/10/26 4:11:39][系统]群友信息 [qq:287859992,昵称:荧瞳] 
内容:123
[2024/10/26 4:11:39][系统]群友信息 [qq:287859992,昵称:荧瞳] 
内容:123
[2024/10/26 4:11:39][系统]群友信息 [qq:287859992,昵称:荧瞳] 
内容:123
[2024/10/26 4:11:39][系统]群友信息 [qq:287859992,昵称:荧瞳] 
内容:12
[2024/10/26 4:11:40][系统]群友信息 [qq:287859992,昵称:荧瞳] 
内容:31
[2024/10/26 4:11:40][系统]群友信息 [qq:287859992,昵称:荧瞳] 
内容:23
[2024/10/26 4:11:40][系统]群友信息 [qq:287859992,昵称:荧瞳] 
内容:123
[2024/10/26 4:11:40][系统]群友信息 [qq:287859992,昵称:荧瞳] 
内容:12
[2024/10/26 4:11:40][系统]群友信息 [qq:287859992,昵称:荧瞳] 
内容:3
[2024/10/26 4:11:41][系统]群友信息 [qq:287859992,昵称:荧瞳] 
内容:123
[2024/10/26 4:11:41][系统]群友信息 [qq:287859992,昵称:荧瞳] 
内容:123
[2024/10/26 4:11:41][系统]群友信息 [qq:287859992,昵称:荧瞳] 
内容:123
[2024/10/26 4:11:41][系统]群友信息 [qq:287859992,昵称:荧瞳] 
内容:123
[2024/10/26 4:11:42][系统]群友信息 [qq:287859992,昵称:荧瞳] 
内容:123123
[2024/10/26 4:11:42][系统]群友信息 [qq:287859992,昵称:荧瞳] 
内容:123
[2024/10/26 4:11:42][系统]群友信息 [qq:287859992,昵称:荧瞳] 
内容:123
[2024/10/26 4:11:43][系统]群友信息 [qq:287859992,昵称:荧瞳] 
内容:23状态
[2024/10/26 4:11:44][系统]群友信息 [qq:287859992,昵称:荧瞳] 
内容:我苦状态
[2024/10/26 4:11:46][系统]群友信息 [qq:287859992,昵称:荧瞳] 
内容:我苦
[2024/10/26 4:11:46][系统]群友信息 [qq:287859992,昵称:荧瞳] 
内容:12
[2024/10/26 4:11:47][系统]群友信息 [qq:287859992,昵称:荧瞳] 
内容:31
[2024/10/26 4:11:47][系统]群友信息 [qq:287859992,昵称:荧瞳] 
内容:23
[2024/10/26 4:11:47][系统]群友信息 [qq:287859992,昵称:荧瞳] 
内容:123
[2024/10/26 4:11:47][系统]群友信息 [qq:287859992,昵称:荧瞳] 
内容:12
[2024/10/26 4:11:47][系统]群友信息 [qq:287859992,昵称:荧瞳] 
内容:3
[2024/10/26 4:11:47][系统]群友信息 [qq:287859992,昵称:荧瞳] 
内容:123
[2024/10/26 4:11:48][系统]群友信息 [qq:287859992,昵称:荧瞳] 
内容:12
[2024/10/26 4:11:48][系统]群友信息 [qq:287859992,昵称:荧瞳] 
内容:3
[2024/10/26 4:11:48][系统]群友信息 [qq:287859992,昵称:荧瞳] 
内容:123
[2024/10/26 4:11:48][系统]群友信息 [qq:287859992,昵称:荧瞳] 
内容:12
[2024/10/26 4:11:48][系统]群友信息 [qq:287859992,昵称:荧瞳] 
内容:3
[2024/10/26 4:11:48][系统]群友信息 [qq:287859992,昵称:荧瞳] 
内容:1231
[2024/10/26 4:11:49][系统]群友信息 [qq:287859992,昵称:荧瞳] 
内容:23
[2024/10/26 4:11:49][系统]群友信息 [qq:287859992,昵称:荧瞳] 
内容:123
[2024/10/26 4:11:49][系统]群友信息 [qq:287859992,昵称:荧瞳] 
内容:123
[2024/10/26 4:11:49][系统]群友信息 [qq:287859992,昵称:荧瞳] 
内容:123
[2024/10/26 4:11:50][系统]群友信息 [qq:287859992,昵称:荧瞳] 
内容:123
[2024/10/26 4:11:50][系统]群友信息 [qq:287859992,昵称:荧瞳] 
内容:123
[2024/10/26 4:11:50][系统]群友信息 [qq:287859992,昵称:荧瞳] 
内容:13213
[2024/10/26 4:11:50][系统]群友信息 [qq:287859992,昵称:荧瞳] 
内容:23123
[2024/10/26 4:11:50][系统]群友信息 [qq:287859992,昵称:荧瞳] 
内容:1
[2024/10/26 4:11:51][系统]群友信息 [qq:287859992,昵称:荧瞳] 
内容:32
[2024/10/26 4:11:51][系统]群友信息 [qq:287859992,昵称:荧瞳] 
内容:123
[2024/10/26 4:11:51][系统]群友信息 [qq:287859992,昵称:荧瞳] 
内容:13
[2024/10/26 4:11:52][系统]群友信息 [qq:287859992,昵称:荧瞳] 
内容:1231
[2024/10/26 4:11:52][系统]群友信息 [qq:287859992,昵称:荧瞳] 
内容:1
[2024/10/26 4:11:53][系统]群友信息 [qq:287859992,昵称:荧瞳] 
内容:1
[2024/10/26 4:11:53][系统]群友信息 [qq:287859992,昵称:荧瞳] 
内容:1
[2024/10/26 4:11:53][系统]群友信息 [qq:287859992,昵称:荧瞳] 
内容:1
[2024/10/26 4:11:53][系统]群友信息 [qq:287859992,昵称:荧瞳] 
内容:1
[2024/10/26 4:11:53][系统]群友信息 [qq:287859992,昵称:荧瞳] 
内容:1
[2024/10/26 4:11:54][系统]群友信息 [qq:287859992,昵称:荧瞳] 
内容:1
[2024/10/26 4:11:54][系统]群友信息 [qq:287859992,昵称:荧瞳] 
内容:1
[2024/10/26 4:11:54][系统]群友信息 [qq:287859992,昵称:荧瞳] 
内容:1
[2024/10/26 4:11:54][系统]群友信息 [qq:287859992,昵称:荧瞳] 
内容:1
[2024/10/26 4:11:55][系统]群友信息 [qq:287859992,昵称:荧瞳] 
内容:1
[2024/10/26 4:11:55][系统]群友信息 [qq:287859992,昵称:荧瞳] 
内容:1
[2024/10/26 4:11:55][系统]群友信息 [qq:287859992,昵称:荧瞳] 
内容:1
[2024/10/26 4:11:55][系统]群友信息 [qq:287859992,昵称:荧瞳] 
内容:1
[2024/10/26 4:11:55][系统]群友信息 [qq:287859992,昵称:荧瞳] 
内容:1
[2024/10/26 4:14:04][系统]开始初始化配置文件。
[2024/10/26 4:14:04][调试]从D:\Projects\MIraiKUgua-master\MMDK-o1\bin\Debug\net8.0-windows/RunningData/data_player.json读取了2名用户资料
[2024/10/26 4:14:04][调试]从D:\Projects\MIraiKUgua-master\MMDK-o1\bin\Debug\net8.0-windows/RunningData/data_playgroup.json读取了3个群组资料
[2024/10/26 4:14:04][系统]配置文件读取完毕。
[2024/10/26 4:14:05][系统]正在连接Mirai本地...
[2024/10/26 4:14:05][系统]开始启动bot...
[2024/10/26 4:14:05][系统]历史记录保存在 D:\Projects\MIraiKUgua-master\MMDK-o1\bin\Debug\net8.0-windows/RunningData/History 里
[2024/10/26 4:14:06][系统]bot启动完成，开始绑定接受数据回调
[2024/10/26 4:14:07][系统]连接成功：System.EventArgs
[2024/10/26 4:14:09][系统]群友信息 [qq:287859992,昵称:荧瞳] 
内容:啊
[2024/10/26 4:14:11][系统]好友信息 [qq:287859992,昵称:荧瞳,备注:主策] 
内容:啊
[2024/10/26 4:14:13][系统]好友信息 [qq:287859992,昵称:荧瞳,备注:主策] 
内容:在吗
[2024/10/26 4:14:14][系统]好友信息 [qq:287859992,昵称:荧瞳,备注:主策] 
内容:状态
[2024/10/26 4:14:19][系统]好友信息 [qq:287859992,昵称:荧瞳,备注:主策] 
内容:测试模式on
[2024/10/26 4:14:19][系统]mode 测试 not exist.
[2024/10/26 4:14:21][系统]好友信息 [qq:287859992,昵称:荧瞳,备注:主策] 
内容:模式列表
[2024/10/26 4:14:26][系统]好友信息 [qq:287859992,昵称:荧瞳,备注:主策] 
内容:佛模式on
[2024/10/26 4:14:27][系统]好友信息 [qq:287859992,昵称:荧瞳,备注:主策] 
内容:啊这
[2024/10/26 4:16:01][系统]开始初始化配置文件。
[2024/10/26 4:16:01][调试]从D:\Projects\MIraiKUgua-master\MMDK-o1\bin\Debug\net8.0-windows/RunningData/data_player.json读取了2名用户资料
[2024/10/26 4:16:01][调试]从D:\Projects\MIraiKUgua-master\MMDK-o1\bin\Debug\net8.0-windows/RunningData/data_playgroup.json读取了3个群组资料
[2024/10/26 4:16:01][系统]配置文件读取完毕。
[2024/10/26 4:16:02][系统]正在连接Mirai本地...
[2024/10/26 4:16:02][系统]开始启动bot...
[2024/10/26 4:16:02][系统]历史记录保存在 D:\Projects\MIraiKUgua-master\MMDK-o1\bin\Debug\net8.0-windows/RunningData/History 里
[2024/10/26 4:16:03][系统]bot启动完成，开始绑定接受数据回调
[2024/10/26 4:16:04][系统]连接成功：System.EventArgs
[2024/10/26 4:16:08][系统]好友信息 [qq:287859992,昵称:荧瞳,备注:主策] 
内容:在吗
[2024/10/26 4:16:20][系统]群友信息 [qq:287859992,昵称:荧瞳] 
内容:1
[2024/10/26 4:16:20][系统]群友信息 [qq:287859992,昵称:荧瞳] 
内容:1
[2024/10/26 4:16:20][系统]群友信息 [qq:287859992,昵称:荧瞳] 
内容:23
[2024/10/26 4:16:20][系统]群友信息 [qq:287859992,昵称:荧瞳] 
内容:1
[2024/10/26 4:16:20][系统]群友信息 [qq:287859992,昵称:荧瞳] 
内容:231
[2024/10/26 4:16:21][系统]群友信息 [qq:287859992,昵称:荧瞳] 
内容:3123
[2024/10/26 4:16:21][系统]群友信息 [qq:287859992,昵称:荧瞳] 
内容:12
[2024/10/26 4:16:21][系统]群友信息 [qq:287859992,昵称:荧瞳] 
内容:123123
[2024/10/26 4:16:21][系统]群友信息 [qq:287859992,昵称:荧瞳] 
内容:123
[2024/10/26 4:16:21][系统]群友信息 [qq:287859992,昵称:荧瞳] 
内容:123
[2024/10/26 4:16:22][系统]群友信息 [qq:287859992,昵称:荧瞳] 
内容:321
[2024/10/26 4:16:22][系统]群友信息 [qq:287859992,昵称:荧瞳] 
内容:213
[2024/10/26 4:16:22][系统]群友信息 [qq:287859992,昵称:荧瞳] 
内容:231
[2024/10/26 4:16:22][系统]群友信息 [qq:287859992,昵称:荧瞳] 
内容:23
[2024/10/26 4:16:22][系统]群友信息 [qq:287859992,昵称:荧瞳] 
内容:213
[2024/10/26 4:16:22][系统]群友信息 [qq:287859992,昵称:荧瞳] 
内容:32
[2024/10/26 4:16:22][系统]群友信息 [qq:287859992,昵称:荧瞳] 
内容:123
[2024/10/26 4:16:23][系统]群友信息 [qq:287859992,昵称:荧瞳] 
内容:12
[2024/10/26 4:16:23][系统]群友信息 [qq:287859992,昵称:荧瞳] 
内容:213
[2024/10/26 4:16:23][系统]群友信息 [qq:287859992,昵称:荧瞳] 
内容:3
[2024/10/26 4:16:23][系统]群友信息 [qq:287859992,昵称:荧瞳] 
内容:123
[2024/10/26 4:16:23][系统]群友信息 [qq:287859992,昵称:荧瞳] 
内容:123
[2024/10/26 4:16:23][系统]群友信息 [qq:287859992,昵称:荧瞳] 
内容:123
[2024/10/26 4:16:24][系统]群友信息 [qq:287859992,昵称:荧瞳] 
内容:12
[2024/10/26 4:16:24][系统]群友信息 [qq:287859992,昵称:荧瞳] 
内容:3
[2024/10/26 4:16:24][系统]群友信息 [qq:287859992,昵称:荧瞳] 
内容:123
[2024/10/26 4:16:24][系统]群友信息 [qq:287859992,昵称:荧瞳] 
内容:123
[2024/10/26 4:16:24][系统]群友信息 [qq:287859992,昵称:荧瞳] 
内容:123
[2024/10/26 4:16:24][系统]群友信息 [qq:287859992,昵称:荧瞳] 
内容:123
[2024/10/26 4:16:24][系统]群友信息 [qq:287859992,昵称:荧瞳] 
内容:123
[2024/10/26 4:16:25][系统]群友信息 [qq:287859992,昵称:荧瞳] 
内容:213
[2024/10/26 4:16:25][系统]群友信息 [qq:287859992,昵称:荧瞳] 
内容:123
[2024/10/26 4:16:25][系统]群友信息 [qq:287859992,昵称:荧瞳] 
内容:123123
[2024/10/26 4:16:25][系统]群友信息 [qq:287859992,昵称:荧瞳] 
内容:2
[2024/10/26 4:16:26][系统]群友信息 [qq:287859992,昵称:荧瞳] 
内容:211
[2024/10/26 4:16:26][系统]群友信息 [qq:287859992,昵称:荧瞳] 
内容:1
[2024/10/26 4:16:26][系统]群友信息 [qq:287859992,昵称:荧瞳] 
内容:1
[2024/10/26 4:16:26][系统]群友信息 [qq:287859992,昵称:荧瞳] 
内容:1
[2024/10/26 4:16:26][系统]群友信息 [qq:287859992,昵称:荧瞳] 
内容:11
[2024/10/26 4:16:27][系统]群友信息 [qq:287859992,昵称:荧瞳] 
内容:1
[2024/10/26 4:16:27][系统]群友信息 [qq:287859992,昵称:荧瞳] 
内容:22
[2024/10/26 4:16:27][系统]群友信息 [qq:287859992,昵称:荧瞳] 
内容:2
[2024/10/26 4:16:28][系统]群友信息 [qq:287859992,昵称:荧瞳] 
内容:22
[2024/10/26 4:16:28][系统]群友信息 [qq:287859992,昵称:荧瞳] 
内容:2
[2024/10/26 4:16:28][系统]群友信息 [qq:287859992,昵称:荧瞳] 
内容:2
[2024/10/26 4:16:29][系统]群友信息 [qq:287859992,昵称:荧瞳] 
内容:31
[2024/10/26 4:16:29][系统]群友信息 [qq:287859992,昵称:荧瞳] 
内容:1
[2024/10/26 4:16:29][系统]群友信息 [qq:287859992,昵称:荧瞳] 
内容:1
[2024/10/26 4:16:29][系统]群友信息 [qq:287859992,昵称:荧瞳] 
内容:1
[2024/10/26 4:16:29][系统]群友信息 [qq:287859992,昵称:荧瞳] 
内容:2
[2024/10/26 4:16:30][系统]群友信息 [qq:287859992,昵称:荧瞳] 
内容:2
[2024/10/26 4:16:30][系统]群友信息 [qq:287859992,昵称:荧瞳] 
内容:2
[2024/10/26 4:16:30][系统]群友信息 [qq:287859992,昵称:荧瞳] 
内容:2
[2024/10/26 4:16:30][系统]群友信息 [qq:287859992,昵称:荧瞳] 
内容:3
[2024/10/26 4:16:30][系统]群友信息 [qq:287859992,昵称:荧瞳] 
内容:3
[2024/10/26 4:16:30][系统]群友信息 [qq:287859992,昵称:荧瞳] 
内容:1
[2024/10/26 4:16:31][系统]群友信息 [qq:287859992,昵称:荧瞳] 
内容:1
[2024/10/26 4:16:31][系统]群友信息 [qq:287859992,昵称:荧瞳] 
内容:2
[2024/10/26 4:16:31][系统]群友信息 [qq:287859992,昵称:荧瞳] 
内容:211
[2024/10/26 4:16:32][系统]群友信息 [qq:287859992,昵称:荧瞳] 
内容:21
[2024/10/26 4:16:32][系统]群友信息 [qq:287859992,昵称:荧瞳] 
内容:2
[2024/10/26 4:16:32][系统]群友信息 [qq:287859992,昵称:荧瞳] 
内容:12
[2024/10/26 4:16:32][系统]群友信息 [qq:287859992,昵称:荧瞳] 
内容:12
[2024/10/26 4:16:32][系统]群友信息 [qq:287859992,昵称:荧瞳] 
内容:1
[2024/10/26 4:16:33][系统]群友信息 [qq:287859992,昵称:荧瞳] 
内容:12
[2024/10/26 4:16:33][系统]群友信息 [qq:287859992,昵称:荧瞳] 
内容:122
[2024/10/26 4:16:33][系统]群友信息 [qq:287859992,昵称:荧瞳] 
内容:1
[2024/10/26 4:16:33][系统]群友信息 [qq:287859992,昵称:荧瞳] 
内容:3
[2024/10/26 4:16:33][系统]群友信息 [qq:287859992,昵称:荧瞳] 
内容:132123
[2024/10/26 4:16:34][系统]群友信息 [qq:287859992,昵称:荧瞳] 
内容:12123
[2024/10/26 4:16:34][系统]群友信息 [qq:287859992,昵称:荧瞳] 
内容:1231
[2024/10/26 4:16:34][系统]群友信息 [qq:287859992,昵称:荧瞳] 
内容:23
[2024/10/26 4:16:34][系统]群友信息 [qq:287859992,昵称:荧瞳] 
内容:21
[2024/10/26 4:16:34][系统]群友信息 [qq:287859992,昵称:荧瞳] 
内容:23
[2024/10/26 4:16:35][系统]群友信息 [qq:287859992,昵称:荧瞳] 
内容:1
[2024/10/26 4:16:35][系统]群友信息 [qq:287859992,昵称:荧瞳] 
内容:3
[2024/10/26 4:16:35][系统]群友信息 [qq:287859992,昵称:荧瞳] 
内容:123
[2024/10/26 4:16:35][系统]群友信息 [qq:287859992,昵称:荧瞳] 
内容:11
[2024/10/26 4:16:35][系统]群友信息 [qq:287859992,昵称:荧瞳] 
内容:2
[2024/10/26 4:16:35][系统]群友信息 [qq:287859992,昵称:荧瞳] 
内容:11
[2024/10/26 4:16:36][系统]群友信息 [qq:287859992,昵称:荧瞳] 
内容:211
[2024/10/26 4:16:36][系统]群友信息 [qq:287859992,昵称:荧瞳] 
内容:23
[2024/10/26 4:16:36][系统]群友信息 [qq:287859992,昵称:荧瞳] 
内容:123
[2024/10/26 4:16:36][系统]群友信息 [qq:287859992,昵称:荧瞳] 
内容:123
[2024/10/26 4:16:37][系统]群友信息 [qq:287859992,昵称:荧瞳] 
内容:121231
[2024/10/26 4:16:37][系统]群友信息 [qq:287859992,昵称:荧瞳] 
内容:23
[2024/10/26 4:16:37][系统]群友信息 [qq:287859992,昵称:荧瞳] 
内容:312
[2024/10/26 4:16:37][系统]群友信息 [qq:287859992,昵称:荧瞳] 
内容:3
[2024/10/26 4:16:38][系统]群友信息 [qq:287859992,昵称:荧瞳] 
内容:123
[2024/10/26 4:16:38][系统]群友信息 [qq:287859992,昵称:荧瞳] 
内容:123
[2024/10/26 4:16:38][系统]群友信息 [qq:287859992,昵称:荧瞳] 
内容:123123
[2024/10/26 4:16:38][系统]群友信息 [qq:287859992,昵称:荧瞳] 
内容:21
[2024/10/26 4:16:39][系统]群友信息 [qq:287859992,昵称:荧瞳] 
内容:12
[2024/10/26 4:16:39][系统]群友信息 [qq:287859992,昵称:荧瞳] 
内容:12
[2024/10/26 4:16:39][系统]群友信息 [qq:287859992,昵称:荧瞳] 
内容:11
[2024/10/26 4:16:39][系统]群友信息 [qq:287859992,昵称:荧瞳] 
内容:11
[2024/10/26 4:16:40][系统]群友信息 [qq:287859992,昵称:荧瞳] 
内容:1
[2024/10/26 4:16:40][系统]群友信息 [qq:287859992,昵称:荧瞳] 
内容:11
[2024/10/26 4:16:40][系统]群友信息 [qq:287859992,昵称:荧瞳] 
内容:1
[2024/10/26 4:16:40][系统]群友信息 [qq:287859992,昵称:荧瞳] 
内容:1
[2024/10/26 4:16:41][系统]群友信息 [qq:287859992,昵称:荧瞳] 
内容:1
[2024/10/26 4:16:41][系统]群友信息 [qq:287859992,昵称:荧瞳] 
内容:1
[2024/10/26 4:16:41][系统]群友信息 [qq:287859992,昵称:荧瞳] 
内容:1
[2024/10/26 4:16:42][系统]群友信息 [qq:287859992,昵称:荧瞳] 
内容:11
[2024/10/26 4:16:42][系统]群友信息 [qq:287859992,昵称:荧瞳] 
内容:1
[2024/10/26 4:16:42][系统]群友信息 [qq:287859992,昵称:荧瞳] 
内容:1
[2024/10/26 4:16:42][系统]群友信息 [qq:287859992,昵称:荧瞳] 
内容:11
[2024/10/26 4:16:43][系统]群友信息 [qq:287859992,昵称:荧瞳] 
内容:1
[2024/10/26 4:16:43][系统]群友信息 [qq:287859992,昵称:荧瞳] 
内容:1
[2024/10/26 4:16:43][系统]群友信息 [qq:287859992,昵称:荧瞳] 
内容:1
[2024/10/26 4:16:43][系统]群友信息 [qq:287859992,昵称:荧瞳] 
内容:1
[2024/10/26 4:16:44][系统]群友信息 [qq:287859992,昵称:荧瞳] 
内容:1
[2024/10/26 7:00:01][系统]群友信息 [qq:434672754,昵称:绿坝娘] 
内容:起床啦起床啦！现在还没起床的都是懒狗！
[2024/10/26 8:10:17][系统]群友信息 [qq:2097408578,昵称:霁之暗] 
内容:早
[2024/10/26 8:10:20][系统]群友信息 [qq:2097408578,昵称:霁之暗] 
内容:えだまめこ
[2024/10/26 9:55:29][系统]群友信息 [qq:3003372325,昵称:每日推推3] 
内容:上好佳膨化零食合集
👏19.9元/42包 童年味道！

不到5毛钱一包！童年最爱的咔嚓脆，边吃边追剧太爽啦
https://u.jd.com/MOhhcK9
[2024/10/26 9:57:40][系统]群友信息 [qq:3003372325,昵称:每日推推3] 
内容:豫道食品合集发车🚗

18.9🉐酸辣粉黑金3桶+宽粉3桶
https://u.jd.com/MDh5Ggx 
18.9🉐黑金*2+金汤酸辣粉*2+宽粉*2
https://u.jd.com/MOhXGnd 
18.9🉐重庆小面3桶+黑金版酸辣粉3桶
https://u.jd.com/Katqb6g 

*小料满满酸爽劲辣，一口超满足
[2024/10/26 10:01:16][系统]群友信息 [qq:3003372325,昵称:每日推推3] 
内容:10点秒1亓‼️
可心柔保湿柔纸巾 40抽
￥wB133nrHXoE￥/ AA11
[2024/10/26 10:05:30][系统]群友信息 [qq:3003372325,昵称:每日推推3] 
内容:京东超级红包 每日必拿‼
☀保存一下，每天都可以拿
来回打开3次 有红包+0.01购
https://u.jd.com/MDh5yES   
☀跳转京东有打卡+邀人 大包
积少成多，荃部拿了有好几十
[2024/10/26 10:10:49][系统]群友信息 [qq:3003372325,昵称:每日推推3] 
内容:䄻宝超级虹堡，每日必拿‼☀
双①①超级虹堡🧧主会场
7￥803s3nIZ3fx￥/ CA1371
记得攒能量，完成有大包哦
[2024/10/26 10:23:26][系统]群友信息 [qq:2658053009,昵称:小小的我] 
内容:
[2024/10/26 10:25:29][系统]群友信息 [qq:2532316550,昵称:之于言者] 
内容: 现在的样子可以在Steam上做成3块钱图一乐的游戏
[2024/10/26 10:25:43][系统]群友信息 [qq:2532316550,昵称:之于言者] 
内容:多一分都会差评暴涨
[2024/10/26 10:28:26][系统]群友信息 [qq:2658053009,昵称:小小的我] 
内容: 4399的细胞扩散，这个模拟游戏UP主可以做吗？
[2024/10/26 10:29:40][系统]群友信息 [qq:2658053009,昵称:小小的我] 
内容:还有Google store上的瘟疫公司，这款模拟游戏UP主可以做出类似的吗？
[2024/10/26 10:32:06][系统]群友信息 [qq:2658053009,昵称:小小的我] 
内容:《伊甸园》这个模拟游戏做的就像小说《指环王》的故事剧情一样
[2024/10/26 10:33:34][系统]群友信息 [qq:2658053009,昵称:小小的我] 
内容:《魔戒》开篇就是伊露维塔让精神体们开始创世界，第一个生命体就是精灵
[2024/10/26 10:37:55][系统]群友信息 [qq:2658053009,昵称:小小的我] 
内容:14位精神体其中有一个精神体与其他精神体离心离德，叫米尔寇，他开始毁灭其他精神体创造的两盏巨灯，并将精灵改造成半兽人
[2024/10/26 10:40:22][系统]群友信息 [qq:2658053009,昵称:小小的我] 
内容:从此精灵与半兽人，精神体与米尔寇的战争开始了
[2024/10/26 10:40:49][系统]群友信息 [qq:2658053009,昵称:小小的我] 
内容:从此精灵与半兽人，精神体与米尔寇的战争开始了
[2024/10/26 10:47:09][系统]群友信息 [qq:287859992,昵称:荧瞳] 
内容:我苦
[2024/10/26 10:47:24][系统]群友信息 [qq:287859992,昵称:荧瞳] 
内容:我苦状态
[2024/10/26 10:47:58][系统]群友信息 [qq:287859992,昵称:荧瞳] 
内容:我苦
[2024/10/26 10:48:53][系统]群友信息 [qq:287859992,昵称:荧瞳] 
内容:我苦
[2024/10/26 10:48:55][系统]群友信息 [qq:287859992,昵称:荧瞳] 
内容:我苦
[2024/10/26 10:48:57][系统]群友信息 [qq:287859992,昵称:荧瞳] 
内容:我苦
[2024/10/26 10:50:22][系统]群友信息 [qq:287859992,昵称:荧瞳] 
内容:我苦测试模式on
[2024/10/26 10:50:22][系统]mode 测试 not exist.
[2024/10/26 10:50:35][系统]群友信息 [qq:287859992,昵称:荧瞳] 
内容:我苦测试模式on
[2024/10/26 10:50:35][系统]mode 测试 not exist.
[2024/10/26 10:50:44][系统]群友信息 [qq:287859992,昵称:荧瞳] 
内容:我苦emoji模式on
[2024/10/26 10:50:47][系统]群友信息 [qq:287859992,昵称:荧瞳] 
内容:我苦
[2024/10/26 12:20:38][系统]开始初始化配置文件。
[2024/10/26 12:20:39][调试]从D:\Projects\MIraiKUgua-master\MMDK-o1\bin\Debug\net8.0-windows/RunningData/data_player.json读取了2名用户资料
[2024/10/26 12:20:39][调试]从D:\Projects\MIraiKUgua-master\MMDK-o1\bin\Debug\net8.0-windows/RunningData/data_playgroup.json读取了9个群组资料
[2024/10/26 12:20:39][系统]配置文件读取完毕。
[2024/10/26 12:20:43][系统]正在连接Mirai本地...
[2024/10/26 12:20:43][系统]开始启动bot...
[2024/10/26 12:20:43][系统]历史记录保存在 D:\Projects\MIraiKUgua-master\MMDK-o1\bin\Debug\net8.0-windows/RunningData/History 里
[2024/10/26 12:20:44][系统]bot启动完成，开始绑定接受数据回调
[2024/10/26 12:20:45][系统]连接成功：System.EventArgs
[2024/10/26 12:20:57][系统]群友信息 [qq:287859992,昵称:荧瞳] 
内容:我苦模式on
[2024/10/26 12:20:59][系统]群友信息 [qq:287859992,昵称:荧瞳] 
内容:我苦状态
[2024/10/26 12:21:02][系统]群友信息 [qq:287859992,昵称:荧瞳] 
内容:我苦模式列表
[2024/10/26 12:21:41][系统]群友信息 [qq:2104205032,昵称:LM111E02 “GUN EZ”] 
内容:小万邦模式on
[2024/10/26 12:21:48][系统]开始初始化配置文件。
[2024/10/26 12:21:48][调试]从D:\Projects\MIraiKUgua-master\MMDK-o1\bin\Debug\net8.0-windows/RunningData/data_player.json读取了2名用户资料
[2024/10/26 12:21:48][调试]从D:\Projects\MIraiKUgua-master\MMDK-o1\bin\Debug\net8.0-windows/RunningData/data_playgroup.json读取了9个群组资料
[2024/10/26 12:21:48][系统]配置文件读取完毕。
[2024/10/26 12:21:50][系统]正在连接Mirai本地...
[2024/10/26 12:21:50][系统]开始启动bot...
[2024/10/26 12:21:50][系统]历史记录保存在 D:\Projects\MIraiKUgua-master\MMDK-o1\bin\Debug\net8.0-windows/RunningData/History 里
[2024/10/26 12:21:50][系统]bot启动完成，开始绑定接受数据回调
[2024/10/26 12:21:52][系统]连接成功：System.EventArgs
[2024/10/26 12:22:04][系统]群友信息 [qq:287859992,昵称:荧瞳] 
内容:我苦测试模式on
[2024/10/26 12:22:04][系统]mode 测试 not exist.
[2024/10/26 12:22:15][系统]群友信息 [qq:2017217824,昵称:h h] 
内容:我苦测试模式on
[2024/10/26 12:22:15][系统]mode 测试 not exist.
[2024/10/26 12:22:28][系统]群友信息 [qq:2055269863,昵称:電Inazuma] 
内容:我苦你的测试模式呢
[2024/10/26 12:22:30][系统]群友信息 [qq:2017217824,昵称:h h] 
内容:我苦正常模式on
[2024/10/26 12:22:40][系统]群友信息 [qq:2017217824,昵称:h h] 
内容:我苦
[2024/10/26 12:23:03][系统]群友信息 [qq:2104205032,昵称:LM111E02 “GUN EZ”] 
内容:我苦混响
[2024/10/26 12:23:38][系统]开始初始化配置文件。
[2024/10/26 12:23:38][调试]从D:\Projects\MIraiKUgua-master\MMDK-o1\bin\Debug\net8.0-windows/RunningData/data_player.json读取了5名用户资料
[2024/10/26 12:23:38][调试]从D:\Projects\MIraiKUgua-master\MMDK-o1\bin\Debug\net8.0-windows/RunningData/data_playgroup.json读取了9个群组资料
[2024/10/26 12:23:38][系统]配置文件读取完毕。
[2024/10/26 12:23:40][系统]正在连接Mirai本地...
[2024/10/26 12:23:40][系统]开始启动bot...
[2024/10/26 12:23:40][系统]历史记录保存在 D:\Projects\MIraiKUgua-master\MMDK-o1\bin\Debug\net8.0-windows/RunningData/History 里
[2024/10/26 12:23:41][系统]bot启动完成，开始绑定接受数据回调
[2024/10/26 12:23:42][系统]连接成功：System.EventArgs
[2024/10/26 12:23:46][系统]群友信息 [qq:287859992,昵称:荧瞳] 
内容:我苦测试模式on
[2024/10/26 12:23:46][系统]mode 测试 not exist.
[2024/10/26 12:23:48][系统]群友信息 [qq:287859992,昵称:荧瞳] 
内容:我苦
[2024/10/26 12:23:52][系统]群友信息 [qq:287859992,昵称:荧瞳] 
内容:我苦
[2024/10/26 12:24:06][系统]群友信息 [qq:287859992,昵称:荧瞳] 
内容:把以前的数据清洗了一下扔进去了
[2024/10/26 12:24:12][系统]群友信息 [qq:287859992,昵称:荧瞳] 
内容:有待进一步处理
[2024/10/26 12:27:38][系统]群友信息 [qq:2017217824,昵称:h h] 
内容:我苦
[2024/10/26 12:38:44][系统]群友信息 [qq:1061362027,昵称:GO丝瓜] 
内容:我苦
[2024/10/26 12:38:56][系统]群友信息 [qq:1061362027,昵称:GO丝瓜] 
内容:我苦a1
[2024/10/26 12:48:38][系统]群友信息 [qq:1176102224,昵称:bapecu] 
内容:我苦井盖
[2024/10/26 12:50:03][系统]群友信息 [qq:2055269863,昵称:電Inazuma] 
内容:我苦
[2024/10/26 12:50:33][系统]群友信息 [qq:2055269863,昵称:電Inazuma] 
内容:我苦佛了
[2024/10/26 12:51:51][系统]群友信息 [qq:2055269863,昵称:電Inazuma] 
内容: 对了现在私聊容易被橄榄，看好多骰娘都不给私聊了
[2024/10/26 12:52:11][系统]群友信息 [qq:287859992,昵称:荧瞳] 
内容:啊这
[2024/10/26 12:52:12][系统]群友信息 [qq:287859992,昵称:荧瞳] 
内容:为何
[2024/10/26 12:52:15][系统]群友信息 [qq:287859992,昵称:荧瞳] 
内容:啊这
[2024/10/26 12:52:29][系统]群友信息 [qq:287859992,昵称:荧瞳] 
内容:对了顺便加了概率自动应答
[2024/10/26 12:52:40][系统]群友信息 [qq:287859992,昵称:荧瞳] 
内容:概率5%但是只有测试群
[2024/10/26 12:52:42][系统]群友信息 [qq:2055269863,昵称:電Inazuma] 
内容:不知道（）
[2024/10/26 12:53:32][系统]群友信息 [qq:2055269863,昵称:電Inazuma] 
内容:还有不许直接踢，要用指令自己退群的规定
[2024/10/26 12:53:37][系统]群友信息 [qq:2055269863,昵称:電Inazuma] 
内容:
[2024/10/26 12:55:03][系统]群友信息 [qq:287859992,昵称:荧瞳] 
内容:
[2024/10/26 13:02:42][系统]群友信息 [qq:3003372325,昵称:每日推推3] 
内容:17.9元【三只松鼠旗舰店】
三只松鼠虎皮鱼排小零食350g约42包
￥NSgo3ntKLIj￥ CZ11/

[2024/10/26 13:05:48][系统]群友信息 [qq:2055269863,昵称:電Inazuma] 
内容:我苦
[2024/10/26 13:06:16][系统]群友信息 [qq:3003372325,昵称:每日推推3] 
内容:19.9元【德力西旗舰店】
德力西插座四位五孔共1.8m
￥fPjN3ntslIB￥ CZ11/

[2024/10/26 13:06:41][系统]群友信息 [qq:287859992,昵称:荧瞳] 
内容:激动不激动
[2024/10/26 13:06:49][系统]群友信息 [qq:2055269863,昵称:電Inazuma] 
内容:激动不激动
[2024/10/26 13:07:31][系统]群友信息 [qq:287859992,昵称:荧瞳] 
内容:反正最近要大改来着
[2024/10/26 13:07:54][系统]群友信息 [qq:1176102224,昵称:bapecu] 
内容:爆
[2024/10/26 13:08:06][系统]群友信息 [qq:1176102224,昵称:bapecu] 
内容:我苦
[2024/10/26 13:21:26][系统]群友信息 [qq:3003372325,昵称:每日推推3] 
内容:速‼最新组合 追剧咖啡党狂喜

优酷VIP会员年卡+瑞幸10杯
💰128 瑞幸啵啵间都要109元

折优酷仅19元年卡到手
天追剧每天只要5分钱！！

https://u.jd.com/KgdbBXZ
[2024/10/26 13:23:27][系统]群友信息 [qq:3003372325,昵称:每日推推3] 
内容:——🐶东好物合集——

79.9🉐无印良品磨毛加厚四件套
https://u.jd.com/KDduErd 
29.9🉐野森博士精华液2ml*28支
https://u.jd.com/KDtmPYI 
49.9🉐燠阳弯刀裤
https://u.jd.com/KadGk0P 
128🉐泸州福浓香白酒500mL*2
https://u.jd.com/KaddnaP 
9.5🉐摩范指甲刀高端皮套4件套
https://u.jd.com/KgdL94b 
29.7🉐公鸡大师油污净625ml*3
https://u.jd.com/KateB9D
[2024/10/26 13:43:56][系统]群友信息 [qq:2055269863,昵称:電Inazuma] 
内容:我苦
[2024/10/26 13:44:13][系统]群友信息 [qq:2055269863,昵称:電Inazuma] 
内容:我苦给谁
[2024/10/26 13:44:26][系统]群友信息 [qq:2762418570,昵称:票务青木] 
内容:我苦 他公平
[2024/10/26 13:46:54][系统]群友信息 [qq:2055269863,昵称:電Inazuma] 
内容:我苦
[2024/10/26 13:48:00][系统]群友信息 [qq:2481179905,昵称:GO麻瓜] 
内容:我苦
[2024/10/26 13:48:00][系统]群友信息 [qq:824677981,昵称:‏‍] 
内容:看你怎么配置的cgi了
[2024/10/26 13:48:04][系统]群友信息 [qq:2762418570,昵称:票务青木] 
内容:我苦 我能靠给你改代码的本事混进游戏实验室吗
[2024/10/26 13:48:06][系统]群友信息 [qq:2481179905,昵称:GO麻瓜] 
内容:我苦凤尾鱼
[2024/10/26 13:48:12][系统]群友信息 [qq:2481179905,昵称:GO麻瓜] 
内容:爆
[2024/10/26 13:48:23][系统]群友信息 [qq:2481179905,昵称:GO麻瓜] 
内容:我苦爆
[2024/10/26 13:48:43][系统]群友信息 [qq:2762418570,昵称:票务青木] 
内容:只能说感谢瞳妈拿c#搞的苦瓜
[2024/10/26 13:49:10][系统]群友信息 [qq:2017217824,昵称:h h] 
内容:我苦
[2024/10/26 13:49:27][系统]群友信息 [qq:824677981,昵称:‏‍] 
内容:如果你的cgi配置了html文件
[2024/10/26 13:50:18][系统]群友信息 [qq:2055269863,昵称:電Inazuma] 
内容:我苦你能不能复活小崽子小电酱
[2024/10/26 13:50:27][系统]群友信息 [qq:824677981,昵称:‏‍] 
内容:webserver（httpd/nginx/caddy）将html的请求转发给apachemod/cgi/fpm之后
[2024/10/26 13:50:34][系统]群友信息 [qq:824677981,昵称:‏‍] 
内容:html你就当普通php写
[2024/10/26 13:51:06][系统]群友信息 [qq:1362613024,昵称:设定绘画-好耶狐狸] 
内容:鼠鼠
[2024/10/26 13:51:38][系统]群友信息 [qq:824677981,昵称:‏‍] 
内容:然后看文档https://www.php.net/manual/zh/function.require.php https://www.php.net/manual/zh/function.require-once.php https://www.php.net/manual/zh/function.include.php https://www.php.net/manual/zh/function.include-once.php
[2024/10/26 13:52:29][系统]群友信息 [qq:824677981,昵称:‏‍] 
内容:php都亡了 学他干嘛
[2024/10/26 13:52:36][系统]群友信息 [qq:2481179905,昵称:GO麻瓜] 
内容:我苦小崽子
[2024/10/26 13:52:43][系统]群友信息 [qq:824677981,昵称:‏‍] 
内容:真要学也学cli（swoole）啊
[2024/10/26 13:52:46][系统]群友信息 [qq:2481179905,昵称:GO麻瓜] 
内容:我苦直播间在哪
[2024/10/26 13:52:52][系统]群友信息 [qq:2481179905,昵称:GO麻瓜] 
内容:？
[2024/10/26 13:53:01][系统]群友信息 [qq:824677981,昵称:‏‍] 
内容:cgi那套东西早该丢进垃圾桶了
[2024/10/26 13:56:34][系统]群友信息 [qq:2568756274,昵称:董] 
内容:
[2024/10/26 14:04:15][系统]群友信息 [qq:2568756274,昵称:董] 
内容:为什么手机上下载修仙模拟器打开不了
[2024/10/26 14:04:28][系统]群友信息 [qq:429431034,昵称:大智若愚] 
内容:支持电脑，不支持手机
[2024/10/26 14:04:32][系统]群友信息 [qq:429431034,昵称:大智若愚] 
内容:
[2024/10/26 14:04:38][系统]群友信息 [qq:429431034,昵称:大智若愚] 
内容:你用电脑可以打开
[2024/10/26 14:14:50][系统]群友信息 [qq:3523154146,昵称:sakura_8] 
内容:我苦
[2024/10/26 14:15:04][系统]群友信息 [qq:1061362027,昵称:GO丝瓜] 
内容:我苦
[2024/10/26 14:15:14][系统]群友信息 [qq:1061362027,昵称:GO丝瓜] 
内容:我苦老头乐
[2024/10/26 14:15:47][系统]群友信息 [qq:2016572973,昵称:​] 
内容:WordPress还是PHP的
[2024/10/26 14:16:55][系统]群友信息 [qq:2481179905,昵称:GO麻瓜] 
内容:我苦
[2024/10/26 14:17:08][系统]群友信息 [qq:2481179905,昵称:GO麻瓜] 
内容:我苦紧张什么
[2024/10/26 14:17:18][系统]群友信息 [qq:2481179905,昵称:GO麻瓜] 
内容:
[2024/10/26 14:20:46][系统]群友信息 [qq:1061362027,昵称:GO丝瓜] 
内容:我苦启动
[2024/10/26 14:48:29][系统]开始初始化配置文件。
[2024/10/26 14:48:30][调试]从D:\Projects\MIraiKUgua-master\MMDK-o1\bin\Debug\net8.0-windows/RunningData/data_player.json读取了10名用户资料
[2024/10/26 14:48:30][调试]从D:\Projects\MIraiKUgua-master\MMDK-o1\bin\Debug\net8.0-windows/RunningData/data_playgroup.json读取了10个群组资料
[2024/10/26 14:48:30][系统]配置文件读取完毕。
[2024/10/26 14:49:39][系统]开始初始化配置文件。
[2024/10/26 14:49:39][调试]从D:\Projects\MIraiKUgua-master\MMDK-o1\bin\Debug\net8.0-windows/RunningData/data_player.json读取了10名用户资料
[2024/10/26 14:49:39][调试]从D:\Projects\MIraiKUgua-master\MMDK-o1\bin\Debug\net8.0-windows/RunningData/data_playgroup.json读取了10个群组资料
[2024/10/26 14:49:39][系统]配置文件读取完毕。
[2024/10/26 14:49:43][系统]正在连接Mirai本地...
[2024/10/26 14:49:43][系统]开始启动bot...
[2024/10/26 14:49:43][系统]历史记录保存在 D:\Projects\MIraiKUgua-master\MMDK-o1\bin\Debug\net8.0-windows/RunningData/History 里
[2024/10/26 14:49:44][系统]bot启动完成，开始绑定接受数据回调
[2024/10/26 14:49:45][系统]连接成功：System.EventArgs
[2024/10/26 14:50:47][系统]群友信息 [qq:287859992,昵称:荧瞳] 
内容:w
[2024/10/26 14:50:48][系统]群友信息 [qq:287859992,昵称:荧瞳] 
内容:我苦状态
[2024/10/26 14:53:28][系统]群友信息 [qq:2769993904,昵称:暮舞] 
内容:
[2024/10/26 15:00:01][系统]群友信息 [qq:434672754,昵称:绿坝娘] 
内容:摸鱼时刻，整点恰滴先~
[2024/10/26 15:02:30][系统]群友信息 [qq:2865877919,昵称:阿米诺斯🇵🇸] 
内容:我苦鲁迅模式on
[2024/10/26 15:02:39][系统]群友信息 [qq:2865877919,昵称:阿米诺斯🇵🇸] 
内容:我苦
[2024/10/26 15:03:07][系统]群友信息 [qq:2865877919,昵称:阿米诺斯🇵🇸] 
内容:我苦如何评价10.26
[2024/10/26 15:03:14][系统]群友信息 [qq:3198753410,昵称:White_yg] 
内容:我苦如何评价龚
[2024/10/26 15:03:35][系统]群友信息 [qq:2865877919,昵称:阿米诺斯🇵🇸] 
内容:我苦评价神
[2024/10/26 15:03:43][系统]群友信息 [qq:2865877919,昵称:阿米诺斯🇵🇸] 
内容:？
[2024/10/26 15:04:01][系统]群友信息 [qq:2865877919,昵称:阿米诺斯🇵🇸] 
内容:我苦你在说什么
[2024/10/26 15:09:21][系统]群友信息 [qq:2230655949,昵称:『miku』◇叶子] 
内容: 快学
[2024/10/26 15:11:33][系统]群友信息 [qq:3198753410,昵称:White_yg] 
内容:我苦拳交on
[2024/10/26 15:12:09][系统]群友信息 [qq:2865877919,昵称:阿米诺斯🇵🇸] 
内容:我苦鹿晗
[2024/10/26 15:12:28][系统]群友信息 [qq:3198753410,昵称:White_yg] 
内容:我苦多喝水
[2024/10/26 15:12:45][系统]群友信息 [qq:2865877919,昵称:阿米诺斯🇵🇸] 
内容:我苦鲁迅没素质
[2024/10/26 15:13:08][系统]群友信息 [qq:3198753410,昵称:White_yg] 
内容:我苦“杂”
[2024/10/26 15:13:08][系统]群友信息 [qq:2055269863,昵称:電Inazuma] 
内容:我苦测试模式on
[2024/10/26 15:13:08][系统]mode 测试 not exist.
[2024/10/26 15:14:56][系统]群友信息 [qq:2865877919,昵称:阿米诺斯🇵🇸] 
内容:我苦
[2024/10/26 15:15:04][系统]群友信息 [qq:2865877919,昵称:阿米诺斯🇵🇸] 
内容:我苦？
[2024/10/26 15:15:11][系统]群友信息 [qq:2865877919,昵称:阿米诺斯🇵🇸] 
内容:我苦可是
[2024/10/26 15:15:49][系统]群友信息 [qq:2865877919,昵称:阿米诺斯🇵🇸] 
内容:我苦荧瞳
[2024/10/26 15:16:08][系统]群友信息 [qq:3198753410,昵称:White_yg] 
内容:我苦rd龚诗
[2024/10/26 15:17:45][系统]群友信息 [qq:2481179905,昵称:GO麻瓜] 
内容:我苦rd杨威
[2024/10/26 15:18:02][系统]群友信息 [qq:2865877919,昵称:阿米诺斯🇵🇸] 
内容:我苦rd群主年龄
[2024/10/26 15:18:05][系统]群友信息 [qq:2481179905,昵称:GO麻瓜] 
内容:我苦
[2024/10/26 15:18:30][系统]群友信息 [qq:2481179905,昵称:GO麻瓜] 
内容:我苦rd本群杨威人数
[2024/10/26 15:18:30][系统]群友信息 [qq:2865877919,昵称:阿米诺斯🇵🇸] 
内容:我苦应激了
[2024/10/26 15:18:44][系统]群友信息 [qq:2481179905,昵称:GO麻瓜] 
内容:我苦多的16个人哪来的
[2024/10/26 15:19:57][系统]群友信息 [qq:2865877919,昵称:阿米诺斯🇵🇸] 
内容:我苦小万邦模式on
[2024/10/26 15:20:02][系统]群友信息 [qq:2865877919,昵称:阿米诺斯🇵🇸] 
内容:我苦
[2024/10/26 15:20:12][系统]群友信息 [qq:2865877919,昵称:阿米诺斯🇵🇸] 
内容:我苦群主
[2024/10/26 15:20:26][系统]群友信息 [qq:2481179905,昵称:GO麻瓜] 
内容:我苦
[2024/10/26 15:20:36][系统]群友信息 [qq:2865877919,昵称:阿米诺斯🇵🇸] 
内容:我苦电棍
[2024/10/26 15:20:39][系统]群友信息 [qq:2481179905,昵称:GO麻瓜] 
内容:我苦破了大式样
[2024/10/26 15:20:48][系统]群友信息 [qq:2865877919,昵称:阿米诺斯🇵🇸] 
内容:我苦我苦
[2024/10/26 15:21:37][系统]群友信息 [qq:3198753410,昵称:White_yg] 
内容:我苦的确沁园春欠缺
[2024/10/26 15:22:05][系统]群友信息 [qq:2865877919,昵称:阿米诺斯🇵🇸] 
内容:我苦老爷爷无药可救的踩踩背
[2024/10/26 15:22:08][系统]群友信息 [qq:2481179905,昵称:GO麻瓜] 
内容:我苦西游记
[2024/10/26 15:22:18][系统]群友信息 [qq:2481179905,昵称:GO麻瓜] 
内容:我苦圣诞节后
[2024/10/26 15:22:27][系统]群友信息 [qq:1176102224,昵称:bapecu] 
内容:我苦
[2024/10/26 15:22:30][系统]群友信息 [qq:2481179905,昵称:GO麻瓜] 
内容:我苦共是风
[2024/10/26 15:22:58][系统]群友信息 [qq:3198753410,昵称:White_yg] 
内容:我苦德国进口
[2024/10/26 15:23:51][系统]群友信息 [qq:2865877919,昵称:阿米诺斯🇵🇸] 
内容:我苦荧瞳
[2024/10/26 15:23:55][系统]群友信息 [qq:3198753410,昵称:White_yg] 
内容:我苦大战龚诗
[2024/10/26 15:24:04][系统]群友信息 [qq:2481179905,昵称:GO麻瓜] 
内容:我苦
[2024/10/26 15:24:15][系统]群友信息 [qq:2865877919,昵称:阿米诺斯🇵🇸] 
内容:我苦丁胖子金牌讲师
[2024/10/26 15:25:12][系统]群友信息 [qq:2865877919,昵称:阿米诺斯🇵🇸] 
内容:我苦哈基米
[2024/10/26 15:25:26][系统]群友信息 [qq:2865877919,昵称:阿米诺斯🇵🇸] 
内容:我苦瓜
[2024/10/26 15:25:42][系统]群友信息 [qq:2865877919,昵称:阿米诺斯🇵🇸] 
内容:我苦京东国际集团
[2024/10/26 15:27:17][系统]群友信息 [qq:3198753410,昵称:White_yg] 
内容:我苦测试模式on
[2024/10/26 15:27:17][系统]mode 测试 not exist.
[2024/10/26 15:27:29][系统]群友信息 [qq:3198753410,昵称:White_yg] 
内容:我苦评价机器猫
[2024/10/26 15:27:53][系统]群友信息 [qq:3198753410,昵称:White_yg] 
内容:我苦签到
[2024/10/26 15:28:15][系统]群友信息 [qq:2865877919,昵称:阿米诺斯🇵🇸] 
内容:我苦签到
[2024/10/26 15:28:17][系统]群友信息 [qq:3198753410,昵称:White_yg] 
内容:我苦赛马
[2024/10/26 15:28:18][系统]群友信息 [qq:287859992,昵称:荧瞳] 
内容:我苦签到
[2024/10/26 15:28:23][系统]群友信息 [qq:287859992,昵称:荧瞳] 
内容:我苦个人信息
[2024/10/26 15:29:05][系统]群友信息 [qq:287859992,昵称:荧瞳] 
内容:我苦状态
[2024/10/26 15:29:54][系统]群友信息 [qq:2085492949,昵称:宅意志_徽特乐  ⁧~喵⁧‭] 
内容:签到
[2024/10/26 15:29:56][系统]群友信息 [qq:434672754,昵称:绿坝娘] 
内容:酱酱徽  ⁧~喵⁧‭签到成功！获得1逸，余额2014逸
当前已连续签到25天
[2024/10/26 15:29:57][系统]群友信息 [qq:2085492949,昵称:宅意志_徽特乐  ⁧~喵⁧‭] 
内容:对话
[2024/10/26 15:29:58][系统]群友信息 [qq:434672754,昵称:绿坝娘] 
内容:“放心吧，这点小事都交给我就好了”等你发觉事情不对劲时，小绿已经逃跑了
小绿对你的好感度增加1%
上次你和小绿的好感度为768%
[2024/10/26 15:30:30][系统]群友信息 [qq:2085492949,昵称:宅意志_徽特乐  ⁧~喵⁧‭] 
内容: 是因为我只会html
[2024/10/26 15:30:42][系统]群友信息 [qq:2085492949,昵称:宅意志_徽特乐  ⁧~喵⁧‭] 
内容:光是安装php就已经难受的要死了
[2024/10/26 15:31:17][系统]群友信息 [qq:1602713672,昵称:九柒（九染的徒弟）] 
内容:对话
[2024/10/26 15:31:19][系统]群友信息 [qq:434672754,昵称:绿坝娘] 
内容:“才没有...那种事...喂，你在往哪看？！”不愧是个傲娇，轻易就做到我们做不到的事
小绿对你的好感度增加5%
上次你和小绿的好感度为111%
[2024/10/26 15:31:19][系统]群友信息 [qq:2085492949,昵称:宅意志_徽特乐  ⁧~喵⁧‭] 
内容:flask也试过，但是数据库跟着教程学习失败了就没有尝试了，php是目前为止唯一跟着教程成功过的
[2024/10/26 15:32:14][系统]群友信息 [qq:2085492949,昵称:宅意志_徽特乐  ⁧~喵⁧‭] 
内容:我终于知道问题所在了，因为文件夹里有中文
[2024/10/26 15:32:27][系统]群友信息 [qq:2085492949,昵称:宅意志_徽特乐  ⁧~喵⁧‭] 
内容:我真的是服了，中文是什么小众语种吗
[2024/10/26 15:32:32][系统]群友信息 [qq:3198753410,昵称:White_yg] 
内容:我苦北京明天天气
[2024/10/26 15:32:45][系统]群友信息 [qq:1176102224,昵称:bapecu] 
内容:我苦
[2024/10/26 15:32:46][系统]群友信息 [qq:3198753410,昵称:White_yg] 
内容:我苦数字论证龚诗锋死了
[2024/10/26 15:32:50][系统]群友信息 [qq:2481179905,昵称:GO麻瓜] 
内容:我苦签到
[2024/10/26 15:32:55][系统]群友信息 [qq:2481179905,昵称:GO麻瓜] 
内容:我苦赛马
[2024/10/26 15:33:03][系统]群友信息 [qq:2865877919,昵称:阿米诺斯🇵🇸] 
内容:我苦一岁一咪咪
[2024/10/26 15:33:14][系统]群友信息 [qq:2865877919,昵称:阿米诺斯🇵🇸] 
内容:最支持苦瓜的一次
[2024/10/26 15:33:42][系统]群友信息 [qq:3198753410,昵称:White_yg] 
内容: 奇怪网站对我有
[2024/10/26 15:33:55][系统]群友信息 [qq:2085492949,昵称:宅意志_徽特乐  ⁧~喵⁧‭] 
内容:原来是久染啊，换头像了都没认识
[2024/10/26 15:34:05][系统]群友信息 [qq:2865877919,昵称:阿米诺斯🇵🇸] 
内容:我苦上课看毛片儿
[2024/10/26 15:34:53][系统]群友信息 [qq:2085492949,昵称:宅意志_徽特乐  ⁧~喵⁧‭] 
内容:（为什么感觉有时候自己的国语好奇怪，总是脱口而出一些奇怪的组合或者排列🤔）
[2024/10/26 15:35:01][系统]群友信息 [qq:3198753410,昵称:White_yg] 
内容:好像有些东西都用不了了
[2024/10/26 15:35:09][系统]群友信息 [qq:2085492949,昵称:宅意志_徽特乐  ⁧~喵⁧‭] 
内容:小绿，语言就是不断的组合与重组吗？
[2024/10/26 15:35:33][系统]群友信息 [qq:434672754,昵称:绿坝娘] 
内容:哼，当然啦！语言就像拼图一样，可以随意组合出各种有趣的表达方式呢！✨ 有时候说错了也没关系，反正大家都是在学习嘛~ 

不过要记得，使用语言的时候要注意哦，不要让那些不好的话题混进来！本大小姐可不会放过任何一个地虫或变态的哦！💚

所以，继续加油吧，把你的语言玩得漂漂亮亮的！期待看到你更多有趣的表达哦~
[2024/10/26 15:35:35][系统]群友信息 [qq:434672754,昵称:绿坝娘] 
内容:继续努力吧！
[2024/10/26 15:35:36][系统]群友信息 [qq:2865877919,昵称:阿米诺斯🇵🇸] 
内容:我苦r1d6踩踩背
[2024/10/26 15:36:09][系统]群友信息 [qq:2865877919,昵称:阿米诺斯🇵🇸] 
内容:我苦数字论证侯国玉
[2024/10/26 15:36:17][系统]群友信息 [qq:2085492949,昵称:宅意志_徽特乐  ⁧~喵⁧‭] 
内容:小绿你知道万能的与日本画师交流的公式吗？
[2024/10/26 15:36:24][系统]群友信息 [qq:434672754,昵称:绿坝娘] 
内容:哼，当然知道啦！和日本画师交流的公式其实就是要用心沟通、表达清楚自己的想法哦！✨

首先，可以先用简单的问候，比如“こんにちは！”（你好！）来拉近距离。然后，明确告诉他们你喜欢什么风格或者想要什么样的作品，比如“私はあなたの作品が大好きです！”（我非常喜欢你的作品！）

接着，不要忘了给出一些具体的建议或要求，这样才能让他们更好地理解你的期望哦~ 当然，最后别忘了感谢他们的努力和创作，毕竟每一幅作品都是用心之作嘛！💚

记得保持礼貌和友善，这样才能建立良好的交流关系呢！期待看到你跟画师们愉快的互动哦~
[2024/10/26 15:36:26][系统]群友信息 [qq:434672754,昵称:绿坝娘] 
内容:加油呀！
[2024/10/26 15:36:55][系统]群友信息 [qq:3198753410,昵称:White_yg] 
内容:我苦谁在直播
[2024/10/26 15:37:03][系统]群友信息 [qq:2865877919,昵称:阿米诺斯🇵🇸] 
内容:我苦兴安盟明天天气
[2024/10/26 15:37:14][系统]群友信息 [qq:1602713672,昵称:九柒（九染的徒弟）] 
内容: 我是九柒
[2024/10/26 15:37:21][系统]群友信息 [qq:1602713672,昵称:九柒（九染的徒弟）] 
内容:
[2024/10/26 15:37:25][系统]群友信息 [qq:3198753410,昵称:White_yg] 
内容:我苦rd小崽子复活可能性
[2024/10/26 15:37:26][系统]群友信息 [qq:2085492949,昵称:宅意志_徽特乐  ⁧~喵⁧‭] 
内容:哈哈哈哈
[2024/10/26 15:37:32][系统]群友信息 [qq:3198753410,昵称:White_yg] 
内容:我苦没有希望了
[2024/10/26 15:37:34][系统]群友信息 [qq:2085492949,昵称:宅意志_徽特乐  ⁧~喵⁧‭] 
内容:⑨染
[2024/10/26 15:37:44][系统]群友信息 [qq:1602713672,昵称:九柒（九染的徒弟）] 
内容:不是
[2024/10/26 15:37:47][系统]群友信息 [qq:2085492949,昵称:宅意志_徽特乐  ⁧~喵⁧‭] 
内容:好不容易没打成⑨染
[2024/10/26 15:37:54][系统]群友信息 [qq:1602713672,昵称:九柒（九染的徒弟）] 
内容:我师傅是九染
[2024/10/26 15:37:59][系统]群友信息 [qq:1602713672,昵称:九柒（九染的徒弟）] 
内容:
[2024/10/26 15:38:03][系统]群友信息 [qq:2085492949,昵称:宅意志_徽特乐  ⁧~喵⁧‭] 
内容:啊？
[2024/10/26 15:38:07][系统]群友信息 [qq:2085492949,昵称:宅意志_徽特乐  ⁧~喵⁧‭] 
内容:what
[2024/10/26 15:38:09][系统]群友信息 [qq:2085492949,昵称:宅意志_徽特乐  ⁧~喵⁧‭] 
内容:哦哦哦哦
[2024/10/26 15:38:26][系统]群友信息 [qq:1602713672,昵称:九柒（九染的徒弟）] 
内容:
[2024/10/26 15:38:28][系统]群友信息 [qq:2085492949,昵称:宅意志_徽特乐  ⁧~喵⁧‭] 
内容:抱歉抱歉，我想起来了
[2024/10/26 15:38:43][系统]群友信息 [qq:2481179905,昵称:GO麻瓜] 
内容:我苦翻译
[2024/10/26 15:38:50][系统]群友信息 [qq:1937616815,昵称:『miku/gumi』◆义乌巫医] 
内容: 快学
[2024/10/26 15:39:00][系统]群友信息 [qq:2085492949,昵称:宅意志_徽特乐  ⁧~喵⁧‭] 
内容:或许是我印象中的九染就和你一样可爱吧
[2024/10/26 15:39:05][系统]群友信息 [qq:1602713672,昵称:九柒（九染的徒弟）] 
内容:算了，我已经习惯了。很多人都把我们俩叫混
[2024/10/26 15:39:08][系统]群友信息 [qq:2865877919,昵称:阿米诺斯🇵🇸] 
内容:我苦，，，
[2024/10/26 15:39:15][系统]群友信息 [qq:1602713672,昵称:九柒（九染的徒弟）] 
内容:我是男的()
[2024/10/26 15:39:20][系统]群友信息 [qq:2085492949,昵称:宅意志_徽特乐  ⁧~喵⁧‭] 
内容:你是可爱的孩子
[2024/10/26 15:39:23][系统]群友信息 [qq:1602713672,昵称:九柒（九染的徒弟）] 
内容:九染是女的
[2024/10/26 15:39:28][系统]群友信息 [qq:1602713672,昵称:九柒（九染的徒弟）] 
内容:😋
[2024/10/26 15:39:30][系统]群友信息 [qq:2085492949,昵称:宅意志_徽特乐  ⁧~喵⁧‭] 
内容:🤔
[2024/10/26 15:39:41][系统]群友信息 [qq:2085492949,昵称:宅意志_徽特乐  ⁧~喵⁧‭] 
内容:那你就是可爱的男孩子吧
[2024/10/26 15:39:44][系统]群友信息 [qq:2481179905,昵称:GO麻瓜] 
内容:我苦r1d58本群杨威人数
[2024/10/26 15:39:47][系统]群友信息 [qq:1602713672,昵称:九柒（九染的徒弟）] 
内容:😨
[2024/10/26 15:39:59][系统]群友信息 [qq:1602713672,昵称:九柒（九染的徒弟）] 
内容:有点恐怖（跑路了）
[2024/10/26 15:40:08][系统]群友信息 [qq:2085492949,昵称:宅意志_徽特乐  ⁧~喵⁧‭] 
内容:抱歉，我以后会注意一点的
[2024/10/26 15:40:28][系统]群友信息 [qq:3198753410,昵称:White_yg] 
内容:我苦什么是杨威？
[2024/10/26 15:40:32][系统]群友信息 [qq:2085492949,昵称:宅意志_徽特乐  ⁧~喵⁧‭] 
内容:我想做人还是要矜持一点吧
[2024/10/26 15:40:34][系统]群友信息 [qq:2481179905,昵称:GO麻瓜] 
内容:好
[2024/10/26 15:40:36][系统]群友信息 [qq:2085492949,昵称:宅意志_徽特乐  ⁧~喵⁧‭] 
内容:抱歉
[2024/10/26 15:40:41][系统]群友信息 [qq:2481179905,昵称:GO麻瓜] 
内容:比平尕群好
[2024/10/26 15:40:49][系统]群友信息 [qq:2481179905,昵称:GO麻瓜] 
内容:当时全群就一个不杨威的
[2024/10/26 15:40:58][系统]群友信息 [qq:3198753410,昵称:White_yg] 
内容:我苦什么是桌艾？
[2024/10/26 15:41:16][系统]群友信息 [qq:2865877919,昵称:阿米诺斯🇵🇸] 
内容:我苦写作文的猪shen
[2024/10/26 15:41:35][系统]群友信息 [qq:2481179905,昵称:GO麻瓜] 
内容:我苦杨威的技巧
[2024/10/26 15:42:56][系统]群友信息 [qq:3198753410,昵称:White_yg] 
内容:我苦孙梓玥模式on
[2024/10/26 15:43:06][系统]群友信息 [qq:3198753410,昵称:White_yg] 
内容:我苦打夺夺
[2024/10/26 15:43:24][系统]群友信息 [qq:3198753410,昵称:White_yg] 
内容:我苦夺夺打
[2024/10/26 15:43:43][系统]群友信息 [qq:2481179905,昵称:GO麻瓜] 
内容:我苦ye
[2024/10/26 15:43:52][系统]群友信息 [qq:2865877919,昵称:阿米诺斯🇵🇸] 
内容:我苦亲爹孙笑川
[2024/10/26 15:43:56][系统]群友信息 [qq:2762418570,昵称:票务青木] 
内容:一切都回来了
[2024/10/26 15:44:08][系统]群友信息 [qq:3198753410,昵称:White_yg] 
内容:我苦混沌模式on
[2024/10/26 15:44:10][系统]群友信息 [qq:2762418570,昵称:票务青木] 
内容:年轻了四五岁
[2024/10/26 15:44:10][系统]群友信息 [qq:3198753410,昵称:White_yg] 
内容:我苦
[2024/10/26 15:44:20][系统]群友信息 [qq:2055269863,昵称:電Inazuma] 
内容:我苦
[2024/10/26 15:44:20][系统]群友信息 [qq:2865877919,昵称:阿米诺斯🇵🇸] 
内容:我苦孙狗不光打奶奶
[2024/10/26 15:44:22][系统]群友信息 [qq:2481179905,昵称:GO麻瓜] 
内容:我苦
[2024/10/26 15:44:27][系统]群友信息 [qq:2481179905,昵称:GO麻瓜] 
内容:我苦
[2024/10/26 15:45:31][系统]群友信息 [qq:3198753410,昵称:White_yg] 
内容:我苦上联永远缅怀
[2024/10/26 15:45:45][系统]群友信息 [qq:3198753410,昵称:White_yg] 
内容:我苦反转龚诗锋
[2024/10/26 15:46:14][系统]群友信息 [qq:2481179905,昵称:GO麻瓜] 
内容:我苦上联西方苦瓜公主
[2024/10/26 15:46:23][系统]群友信息 [qq:2481179905,昵称:GO麻瓜] 
内容:
[2024/10/26 15:46:47][系统]群友信息 [qq:2865877919,昵称:阿米诺斯🇵🇸] 
内容:我苦上联吃亏是福
[2024/10/26 15:47:27][系统]群友信息 [qq:287859992,昵称:荧瞳] 
内容:对联语料还没加
[2024/10/26 15:47:38][系统]群友信息 [qq:287859992,昵称:荧瞳] 
内容:而且准备用其他方式代替硬对
[2024/10/26 15:47:58][系统]群友信息 [qq:2865877919,昵称:阿米诺斯🇵🇸] 
内容:我苦腾讯
[2024/10/26 15:48:43][系统]群友信息 [qq:3198753410,昵称:White_yg] 
内容:我苦反转啊米诺斯
[2024/10/26 15:50:29][系统]群友信息 [qq:2658053009,昵称:小小的我] 
内容:能把游戏做大，说不定真能上线，正好，我认识一个刚在steam上发布游戏的人！他交了100美元，还不知道什么时候收回成本呢！
[2024/10/26 16:06:05][系统]开始初始化配置文件。
[2024/10/26 16:06:05][调试]从D:\Projects\momordica2020\MIraiKUgua\MMDK-o1\bin\Debug\net8.0-windows/RunningData/data_player.json读取了12名用户资料
[2024/10/26 16:06:05][调试]从D:\Projects\momordica2020\MIraiKUgua\MMDK-o1\bin\Debug\net8.0-windows/RunningData/data_playgroup.json读取了12个群组资料
[2024/10/26 16:06:05][系统]配置文件读取完毕。
[2024/10/26 16:06:08][系统]正在连接Mirai本地...
[2024/10/26 16:06:08][系统]开始启动bot...
[2024/10/26 16:06:08][系统]历史记录保存在 D:\Projects\momordica2020\MIraiKUgua\MMDK-o1\bin\Debug\net8.0-windows/RunningData/History 里
[2024/10/26 16:06:09][系统]bot启动完成，开始绑定接受数据回调
[2024/10/26 16:06:10][系统]连接成功：System.EventArgs
[2024/10/26 16:06:16][系统]群友信息 [qq:287859992,昵称:荧瞳] 
内容:在吗
[2024/10/26 16:06:17][系统]群友信息 [qq:287859992,昵称:荧瞳] 
内容:我苦
[2024/10/26 16:06:18][系统]群友信息 [qq:287859992,昵称:荧瞳] 
内容:我苦状态
[2024/10/26 16:06:24][系统]群友信息 [qq:287859992,昵称:荧瞳] 
内容:我苦测试模式on
[2024/10/26 16:06:24][系统]mode 测试 not exist.
